The system is: Linux - 5.15.71-1-MANJARO - x86_64
Compiling the C compiler identification source file "CMakeCCompilerId.c" succeeded.
Compiler: /usr/bin/gcc 
Build flags: 
Id flags:  

The output was:
0


Compilation of the C compiler identification source "CMakeCCompilerId.c" produced "a.out"

The C compiler identification is GNU, found in "/home/akhaten/Documents/OpenglProject/build/CMakeFiles/3.24.2/CompilerIdC/a.out"

Compiling the CXX compiler identification source file "CMakeCXXCompilerId.cpp" succeeded.
Compiler: /usr/bin/g++ 
Build flags: 
Id flags:  

The output was:
0


Compilation of the CXX compiler identification source "CMakeCXXCompilerId.cpp" produced "a.out"

The CXX compiler identification is GNU, found in "/home/akhaten/Documents/OpenglProject/build/CMakeFiles/3.24.2/CompilerIdCXX/a.out"

Detecting C compiler ABI info compiled with the following output:
Change Dir: /home/akhaten/Documents/OpenglProject/build/CMakeFiles/CMakeTmp

Run Build Command(s):/usr/bin/make -f Makefile cmTC_43a24/fast && /usr/bin/make  -f CMakeFiles/cmTC_43a24.dir/build.make CMakeFiles/cmTC_43a24.dir/build
make[1]: Entering directory '/home/akhaten/Documents/OpenglProject/build/CMakeFiles/CMakeTmp'
Building C object CMakeFiles/cmTC_43a24.dir/CMakeCCompilerABI.c.o
/usr/bin/gcc   -v -o CMakeFiles/cmTC_43a24.dir/CMakeCCompilerABI.c.o -c /usr/share/cmake/Modules/CMakeCCompilerABI.c
Using built-in specs.
COLLECT_GCC=/usr/bin/gcc
Target: x86_64-pc-linux-gnu
Configured with: /build/gcc/src/gcc/configure --enable-languages=c,c++,ada,fortran,go,lto,objc,obj-c++,d --enable-bootstrap --prefix=/usr --libdir=/usr/lib --libexecdir=/usr/lib --mandir=/usr/share/man --infodir=/usr/share/info --with-bugurl=https://bugs.archlinux.org/ --with-build-config=bootstrap-lto --with-linker-hash-style=gnu --with-system-zlib --enable-__cxa_atexit --enable-cet=auto --enable-checking=release --enable-clocale=gnu --enable-default-pie --enable-default-ssp --enable-gnu-indirect-function --enable-gnu-unique-object --enable-libstdcxx-backtrace --enable-link-serialization=1 --enable-linker-build-id --enable-lto --enable-multilib --enable-plugin --enable-shared --enable-threads=posix --disable-libssp --disable-libstdcxx-pch --disable-werror
Thread model: posix
Supported LTO compression algorithms: zlib zstd
gcc version 12.2.0 (GCC) 
COLLECT_GCC_OPTIONS='-v' '-o' 'CMakeFiles/cmTC_43a24.dir/CMakeCCompilerABI.c.o' '-c' '-mtune=generic' '-march=x86-64' '-dumpdir' 'CMakeFiles/cmTC_43a24.dir/'
 /usr/lib/gcc/x86_64-pc-linux-gnu/12.2.0/cc1 -quiet -v /usr/share/cmake/Modules/CMakeCCompilerABI.c -quiet -dumpdir CMakeFiles/cmTC_43a24.dir/ -dumpbase CMakeCCompilerABI.c.c -dumpbase-ext .c -mtune=generic -march=x86-64 -version -o /tmp/ccZcyOgs.s
GNU C17 (GCC) version 12.2.0 (x86_64-pc-linux-gnu)
	compiled by GNU C version 12.2.0, GMP version 6.2.1, MPFR version 4.1.0-p13, MPC version 1.2.1, isl version isl-0.25-GMP

GGC heuristics: --param ggc-min-expand=100 --param ggc-min-heapsize=131072
ignoring nonexistent directory "/usr/lib/gcc/x86_64-pc-linux-gnu/12.2.0/../../../../x86_64-pc-linux-gnu/include"
#include "..." search starts here:
#include <...> search starts here:
 /usr/lib/gcc/x86_64-pc-linux-gnu/12.2.0/include
 /usr/local/include
 /usr/lib/gcc/x86_64-pc-linux-gnu/12.2.0/include-fixed
 /usr/include
End of search list.
GNU C17 (GCC) version 12.2.0 (x86_64-pc-linux-gnu)
	compiled by GNU C version 12.2.0, GMP version 6.2.1, MPFR version 4.1.0-p13, MPC version 1.2.1, isl version isl-0.25-GMP

GGC heuristics: --param ggc-min-expand=100 --param ggc-min-heapsize=131072
Compiler executable checksum: 4b798a352742e8322eaa4a166b8f6299
COLLECT_GCC_OPTIONS='-v' '-o' 'CMakeFiles/cmTC_43a24.dir/CMakeCCompilerABI.c.o' '-c' '-mtune=generic' '-march=x86-64' '-dumpdir' 'CMakeFiles/cmTC_43a24.dir/'
 as -v --64 -o CMakeFiles/cmTC_43a24.dir/CMakeCCompilerABI.c.o /tmp/ccZcyOgs.s
GNU assembler version 2.39.0 (x86_64-pc-linux-gnu) using BFD version (GNU Binutils) 2.39.0
COMPILER_PATH=/usr/lib/gcc/x86_64-pc-linux-gnu/12.2.0/:/usr/lib/gcc/x86_64-pc-linux-gnu/12.2.0/:/usr/lib/gcc/x86_64-pc-linux-gnu/:/usr/lib/gcc/x86_64-pc-linux-gnu/12.2.0/:/usr/lib/gcc/x86_64-pc-linux-gnu/
LIBRARY_PATH=/usr/lib/gcc/x86_64-pc-linux-gnu/12.2.0/:/usr/lib/gcc/x86_64-pc-linux-gnu/12.2.0/../../../../lib/:/lib/../lib/:/usr/lib/../lib/:/usr/lib/gcc/x86_64-pc-linux-gnu/12.2.0/../../../:/lib/:/usr/lib/
COLLECT_GCC_OPTIONS='-v' '-o' 'CMakeFiles/cmTC_43a24.dir/CMakeCCompilerABI.c.o' '-c' '-mtune=generic' '-march=x86-64' '-dumpdir' 'CMakeFiles/cmTC_43a24.dir/CMakeCCompilerABI.c.'
Linking C executable cmTC_43a24
/usr/bin/cmake -E cmake_link_script CMakeFiles/cmTC_43a24.dir/link.txt --verbose=1
/usr/bin/gcc  -v CMakeFiles/cmTC_43a24.dir/CMakeCCompilerABI.c.o -o cmTC_43a24 
Using built-in specs.
COLLECT_GCC=/usr/bin/gcc
COLLECT_LTO_WRAPPER=/usr/lib/gcc/x86_64-pc-linux-gnu/12.2.0/lto-wrapper
Target: x86_64-pc-linux-gnu
Configured with: /build/gcc/src/gcc/configure --enable-languages=c,c++,ada,fortran,go,lto,objc,obj-c++,d --enable-bootstrap --prefix=/usr --libdir=/usr/lib --libexecdir=/usr/lib --mandir=/usr/share/man --infodir=/usr/share/info --with-bugurl=https://bugs.archlinux.org/ --with-build-config=bootstrap-lto --with-linker-hash-style=gnu --with-system-zlib --enable-__cxa_atexit --enable-cet=auto --enable-checking=release --enable-clocale=gnu --enable-default-pie --enable-default-ssp --enable-gnu-indirect-function --enable-gnu-unique-object --enable-libstdcxx-backtrace --enable-link-serialization=1 --enable-linker-build-id --enable-lto --enable-multilib --enable-plugin --enable-shared --enable-threads=posix --disable-libssp --disable-libstdcxx-pch --disable-werror
Thread model: posix
Supported LTO compression algorithms: zlib zstd
gcc version 12.2.0 (GCC) 
COMPILER_PATH=/usr/lib/gcc/x86_64-pc-linux-gnu/12.2.0/:/usr/lib/gcc/x86_64-pc-linux-gnu/12.2.0/:/usr/lib/gcc/x86_64-pc-linux-gnu/:/usr/lib/gcc/x86_64-pc-linux-gnu/12.2.0/:/usr/lib/gcc/x86_64-pc-linux-gnu/
LIBRARY_PATH=/usr/lib/gcc/x86_64-pc-linux-gnu/12.2.0/:/usr/lib/gcc/x86_64-pc-linux-gnu/12.2.0/../../../../lib/:/lib/../lib/:/usr/lib/../lib/:/usr/lib/gcc/x86_64-pc-linux-gnu/12.2.0/../../../:/lib/:/usr/lib/
COLLECT_GCC_OPTIONS='-v' '-o' 'cmTC_43a24' '-mtune=generic' '-march=x86-64' '-dumpdir' 'cmTC_43a24.'
 /usr/lib/gcc/x86_64-pc-linux-gnu/12.2.0/collect2 -plugin /usr/lib/gcc/x86_64-pc-linux-gnu/12.2.0/liblto_plugin.so -plugin-opt=/usr/lib/gcc/x86_64-pc-linux-gnu/12.2.0/lto-wrapper -plugin-opt=-fresolution=/tmp/ccEf4gPy.res -plugin-opt=-pass-through=-lgcc -plugin-opt=-pass-through=-lgcc_s -plugin-opt=-pass-through=-lc -plugin-opt=-pass-through=-lgcc -plugin-opt=-pass-through=-lgcc_s --build-id --eh-frame-hdr --hash-style=gnu -m elf_x86_64 -dynamic-linker /lib64/ld-linux-x86-64.so.2 -pie -o cmTC_43a24 /usr/lib/gcc/x86_64-pc-linux-gnu/12.2.0/../../../../lib/Scrt1.o /usr/lib/gcc/x86_64-pc-linux-gnu/12.2.0/../../../../lib/crti.o /usr/lib/gcc/x86_64-pc-linux-gnu/12.2.0/crtbeginS.o -L/usr/lib/gcc/x86_64-pc-linux-gnu/12.2.0 -L/usr/lib/gcc/x86_64-pc-linux-gnu/12.2.0/../../../../lib -L/lib/../lib -L/usr/lib/../lib -L/usr/lib/gcc/x86_64-pc-linux-gnu/12.2.0/../../.. CMakeFiles/cmTC_43a24.dir/CMakeCCompilerABI.c.o -lgcc --push-state --as-needed -lgcc_s --pop-state -lc -lgcc --push-state --as-needed -lgcc_s --pop-state /usr/lib/gcc/x86_64-pc-linux-gnu/12.2.0/crtendS.o /usr/lib/gcc/x86_64-pc-linux-gnu/12.2.0/../../../../lib/crtn.o
COLLECT_GCC_OPTIONS='-v' '-o' 'cmTC_43a24' '-mtune=generic' '-march=x86-64' '-dumpdir' 'cmTC_43a24.'
make[1]: Leaving directory '/home/akhaten/Documents/OpenglProject/build/CMakeFiles/CMakeTmp'



Parsed C implicit include dir info from above output: rv=done
  found start of include info
  found start of implicit include info
    add: [/usr/lib/gcc/x86_64-pc-linux-gnu/12.2.0/include]
    add: [/usr/local/include]
    add: [/usr/lib/gcc/x86_64-pc-linux-gnu/12.2.0/include-fixed]
    add: [/usr/include]
  end of search list found
  collapse include dir [/usr/lib/gcc/x86_64-pc-linux-gnu/12.2.0/include] ==> [/usr/lib/gcc/x86_64-pc-linux-gnu/12.2.0/include]
  collapse include dir [/usr/local/include] ==> [/usr/local/include]
  collapse include dir [/usr/lib/gcc/x86_64-pc-linux-gnu/12.2.0/include-fixed] ==> [/usr/lib/gcc/x86_64-pc-linux-gnu/12.2.0/include-fixed]
  collapse include dir [/usr/include] ==> [/usr/include]
  implicit include dirs: [/usr/lib/gcc/x86_64-pc-linux-gnu/12.2.0/include;/usr/local/include;/usr/lib/gcc/x86_64-pc-linux-gnu/12.2.0/include-fixed;/usr/include]


Parsed C implicit link information from above output:
  link line regex: [^( *|.*[/\])(ld|CMAKE_LINK_STARTFILE-NOTFOUND|([^/\]+-)?ld|collect2)[^/\]*( |$)]
  ignore line: [Change Dir: /home/akhaten/Documents/OpenglProject/build/CMakeFiles/CMakeTmp]
  ignore line: []
  ignore line: [Run Build Command(s):/usr/bin/make -f Makefile cmTC_43a24/fast && /usr/bin/make  -f CMakeFiles/cmTC_43a24.dir/build.make CMakeFiles/cmTC_43a24.dir/build]
  ignore line: [make[1]: Entering directory '/home/akhaten/Documents/OpenglProject/build/CMakeFiles/CMakeTmp']
  ignore line: [Building C object CMakeFiles/cmTC_43a24.dir/CMakeCCompilerABI.c.o]
  ignore line: [/usr/bin/gcc   -v -o CMakeFiles/cmTC_43a24.dir/CMakeCCompilerABI.c.o -c /usr/share/cmake/Modules/CMakeCCompilerABI.c]
  ignore line: [Using built-in specs.]
  ignore line: [COLLECT_GCC=/usr/bin/gcc]
  ignore line: [Target: x86_64-pc-linux-gnu]
  ignore line: [Configured with: /build/gcc/src/gcc/configure --enable-languages=c c++ ada fortran go lto objc obj-c++ d --enable-bootstrap --prefix=/usr --libdir=/usr/lib --libexecdir=/usr/lib --mandir=/usr/share/man --infodir=/usr/share/info --with-bugurl=https://bugs.archlinux.org/ --with-build-config=bootstrap-lto --with-linker-hash-style=gnu --with-system-zlib --enable-__cxa_atexit --enable-cet=auto --enable-checking=release --enable-clocale=gnu --enable-default-pie --enable-default-ssp --enable-gnu-indirect-function --enable-gnu-unique-object --enable-libstdcxx-backtrace --enable-link-serialization=1 --enable-linker-build-id --enable-lto --enable-multilib --enable-plugin --enable-shared --enable-threads=posix --disable-libssp --disable-libstdcxx-pch --disable-werror]
  ignore line: [Thread model: posix]
  ignore line: [Supported LTO compression algorithms: zlib zstd]
  ignore line: [gcc version 12.2.0 (GCC) ]
  ignore line: [COLLECT_GCC_OPTIONS='-v' '-o' 'CMakeFiles/cmTC_43a24.dir/CMakeCCompilerABI.c.o' '-c' '-mtune=generic' '-march=x86-64' '-dumpdir' 'CMakeFiles/cmTC_43a24.dir/']
  ignore line: [ /usr/lib/gcc/x86_64-pc-linux-gnu/12.2.0/cc1 -quiet -v /usr/share/cmake/Modules/CMakeCCompilerABI.c -quiet -dumpdir CMakeFiles/cmTC_43a24.dir/ -dumpbase CMakeCCompilerABI.c.c -dumpbase-ext .c -mtune=generic -march=x86-64 -version -o /tmp/ccZcyOgs.s]
  ignore line: [GNU C17 (GCC) version 12.2.0 (x86_64-pc-linux-gnu)]
  ignore line: [	compiled by GNU C version 12.2.0  GMP version 6.2.1  MPFR version 4.1.0-p13  MPC version 1.2.1  isl version isl-0.25-GMP]
  ignore line: []
  ignore line: [GGC heuristics: --param ggc-min-expand=100 --param ggc-min-heapsize=131072]
  ignore line: [ignoring nonexistent directory "/usr/lib/gcc/x86_64-pc-linux-gnu/12.2.0/../../../../x86_64-pc-linux-gnu/include"]
  ignore line: [#include "..." search starts here:]
  ignore line: [#include <...> search starts here:]
  ignore line: [ /usr/lib/gcc/x86_64-pc-linux-gnu/12.2.0/include]
  ignore line: [ /usr/local/include]
  ignore line: [ /usr/lib/gcc/x86_64-pc-linux-gnu/12.2.0/include-fixed]
  ignore line: [ /usr/include]
  ignore line: [End of search list.]
  ignore line: [GNU C17 (GCC) version 12.2.0 (x86_64-pc-linux-gnu)]
  ignore line: [	compiled by GNU C version 12.2.0  GMP version 6.2.1  MPFR version 4.1.0-p13  MPC version 1.2.1  isl version isl-0.25-GMP]
  ignore line: []
  ignore line: [GGC heuristics: --param ggc-min-expand=100 --param ggc-min-heapsize=131072]
  ignore line: [Compiler executable checksum: 4b798a352742e8322eaa4a166b8f6299]
  ignore line: [COLLECT_GCC_OPTIONS='-v' '-o' 'CMakeFiles/cmTC_43a24.dir/CMakeCCompilerABI.c.o' '-c' '-mtune=generic' '-march=x86-64' '-dumpdir' 'CMakeFiles/cmTC_43a24.dir/']
  ignore line: [ as -v --64 -o CMakeFiles/cmTC_43a24.dir/CMakeCCompilerABI.c.o /tmp/ccZcyOgs.s]
  ignore line: [GNU assembler version 2.39.0 (x86_64-pc-linux-gnu) using BFD version (GNU Binutils) 2.39.0]
  ignore line: [COMPILER_PATH=/usr/lib/gcc/x86_64-pc-linux-gnu/12.2.0/:/usr/lib/gcc/x86_64-pc-linux-gnu/12.2.0/:/usr/lib/gcc/x86_64-pc-linux-gnu/:/usr/lib/gcc/x86_64-pc-linux-gnu/12.2.0/:/usr/lib/gcc/x86_64-pc-linux-gnu/]
  ignore line: [LIBRARY_PATH=/usr/lib/gcc/x86_64-pc-linux-gnu/12.2.0/:/usr/lib/gcc/x86_64-pc-linux-gnu/12.2.0/../../../../lib/:/lib/../lib/:/usr/lib/../lib/:/usr/lib/gcc/x86_64-pc-linux-gnu/12.2.0/../../../:/lib/:/usr/lib/]
  ignore line: [COLLECT_GCC_OPTIONS='-v' '-o' 'CMakeFiles/cmTC_43a24.dir/CMakeCCompilerABI.c.o' '-c' '-mtune=generic' '-march=x86-64' '-dumpdir' 'CMakeFiles/cmTC_43a24.dir/CMakeCCompilerABI.c.']
  ignore line: [Linking C executable cmTC_43a24]
  ignore line: [/usr/bin/cmake -E cmake_link_script CMakeFiles/cmTC_43a24.dir/link.txt --verbose=1]
  ignore line: [/usr/bin/gcc  -v CMakeFiles/cmTC_43a24.dir/CMakeCCompilerABI.c.o -o cmTC_43a24 ]
  ignore line: [Using built-in specs.]
  ignore line: [COLLECT_GCC=/usr/bin/gcc]
  ignore line: [COLLECT_LTO_WRAPPER=/usr/lib/gcc/x86_64-pc-linux-gnu/12.2.0/lto-wrapper]
  ignore line: [Target: x86_64-pc-linux-gnu]
  ignore line: [Configured with: /build/gcc/src/gcc/configure --enable-languages=c c++ ada fortran go lto objc obj-c++ d --enable-bootstrap --prefix=/usr --libdir=/usr/lib --libexecdir=/usr/lib --mandir=/usr/share/man --infodir=/usr/share/info --with-bugurl=https://bugs.archlinux.org/ --with-build-config=bootstrap-lto --with-linker-hash-style=gnu --with-system-zlib --enable-__cxa_atexit --enable-cet=auto --enable-checking=release --enable-clocale=gnu --enable-default-pie --enable-default-ssp --enable-gnu-indirect-function --enable-gnu-unique-object --enable-libstdcxx-backtrace --enable-link-serialization=1 --enable-linker-build-id --enable-lto --enable-multilib --enable-plugin --enable-shared --enable-threads=posix --disable-libssp --disable-libstdcxx-pch --disable-werror]
  ignore line: [Thread model: posix]
  ignore line: [Supported LTO compression algorithms: zlib zstd]
  ignore line: [gcc version 12.2.0 (GCC) ]
  ignore line: [COMPILER_PATH=/usr/lib/gcc/x86_64-pc-linux-gnu/12.2.0/:/usr/lib/gcc/x86_64-pc-linux-gnu/12.2.0/:/usr/lib/gcc/x86_64-pc-linux-gnu/:/usr/lib/gcc/x86_64-pc-linux-gnu/12.2.0/:/usr/lib/gcc/x86_64-pc-linux-gnu/]
  ignore line: [LIBRARY_PATH=/usr/lib/gcc/x86_64-pc-linux-gnu/12.2.0/:/usr/lib/gcc/x86_64-pc-linux-gnu/12.2.0/../../../../lib/:/lib/../lib/:/usr/lib/../lib/:/usr/lib/gcc/x86_64-pc-linux-gnu/12.2.0/../../../:/lib/:/usr/lib/]
  ignore line: [COLLECT_GCC_OPTIONS='-v' '-o' 'cmTC_43a24' '-mtune=generic' '-march=x86-64' '-dumpdir' 'cmTC_43a24.']
  link line: [ /usr/lib/gcc/x86_64-pc-linux-gnu/12.2.0/collect2 -plugin /usr/lib/gcc/x86_64-pc-linux-gnu/12.2.0/liblto_plugin.so -plugin-opt=/usr/lib/gcc/x86_64-pc-linux-gnu/12.2.0/lto-wrapper -plugin-opt=-fresolution=/tmp/ccEf4gPy.res -plugin-opt=-pass-through=-lgcc -plugin-opt=-pass-through=-lgcc_s -plugin-opt=-pass-through=-lc -plugin-opt=-pass-through=-lgcc -plugin-opt=-pass-through=-lgcc_s --build-id --eh-frame-hdr --hash-style=gnu -m elf_x86_64 -dynamic-linker /lib64/ld-linux-x86-64.so.2 -pie -o cmTC_43a24 /usr/lib/gcc/x86_64-pc-linux-gnu/12.2.0/../../../../lib/Scrt1.o /usr/lib/gcc/x86_64-pc-linux-gnu/12.2.0/../../../../lib/crti.o /usr/lib/gcc/x86_64-pc-linux-gnu/12.2.0/crtbeginS.o -L/usr/lib/gcc/x86_64-pc-linux-gnu/12.2.0 -L/usr/lib/gcc/x86_64-pc-linux-gnu/12.2.0/../../../../lib -L/lib/../lib -L/usr/lib/../lib -L/usr/lib/gcc/x86_64-pc-linux-gnu/12.2.0/../../.. CMakeFiles/cmTC_43a24.dir/CMakeCCompilerABI.c.o -lgcc --push-state --as-needed -lgcc_s --pop-state -lc -lgcc --push-state --as-needed -lgcc_s --pop-state /usr/lib/gcc/x86_64-pc-linux-gnu/12.2.0/crtendS.o /usr/lib/gcc/x86_64-pc-linux-gnu/12.2.0/../../../../lib/crtn.o]
    arg [/usr/lib/gcc/x86_64-pc-linux-gnu/12.2.0/collect2] ==> ignore
    arg [-plugin] ==> ignore
    arg [/usr/lib/gcc/x86_64-pc-linux-gnu/12.2.0/liblto_plugin.so] ==> ignore
    arg [-plugin-opt=/usr/lib/gcc/x86_64-pc-linux-gnu/12.2.0/lto-wrapper] ==> ignore
    arg [-plugin-opt=-fresolution=/tmp/ccEf4gPy.res] ==> ignore
    arg [-plugin-opt=-pass-through=-lgcc] ==> ignore
    arg [-plugin-opt=-pass-through=-lgcc_s] ==> ignore
    arg [-plugin-opt=-pass-through=-lc] ==> ignore
    arg [-plugin-opt=-pass-through=-lgcc] ==> ignore
    arg [-plugin-opt=-pass-through=-lgcc_s] ==> ignore
    arg [--build-id] ==> ignore
    arg [--eh-frame-hdr] ==> ignore
    arg [--hash-style=gnu] ==> ignore
    arg [-m] ==> ignore
    arg [elf_x86_64] ==> ignore
    arg [-dynamic-linker] ==> ignore
    arg [/lib64/ld-linux-x86-64.so.2] ==> ignore
    arg [-pie] ==> ignore
    arg [-o] ==> ignore
    arg [cmTC_43a24] ==> ignore
    arg [/usr/lib/gcc/x86_64-pc-linux-gnu/12.2.0/../../../../lib/Scrt1.o] ==> obj [/usr/lib/gcc/x86_64-pc-linux-gnu/12.2.0/../../../../lib/Scrt1.o]
    arg [/usr/lib/gcc/x86_64-pc-linux-gnu/12.2.0/../../../../lib/crti.o] ==> obj [/usr/lib/gcc/x86_64-pc-linux-gnu/12.2.0/../../../../lib/crti.o]
    arg [/usr/lib/gcc/x86_64-pc-linux-gnu/12.2.0/crtbeginS.o] ==> obj [/usr/lib/gcc/x86_64-pc-linux-gnu/12.2.0/crtbeginS.o]
    arg [-L/usr/lib/gcc/x86_64-pc-linux-gnu/12.2.0] ==> dir [/usr/lib/gcc/x86_64-pc-linux-gnu/12.2.0]
    arg [-L/usr/lib/gcc/x86_64-pc-linux-gnu/12.2.0/../../../../lib] ==> dir [/usr/lib/gcc/x86_64-pc-linux-gnu/12.2.0/../../../../lib]
    arg [-L/lib/../lib] ==> dir [/lib/../lib]
    arg [-L/usr/lib/../lib] ==> dir [/usr/lib/../lib]
    arg [-L/usr/lib/gcc/x86_64-pc-linux-gnu/12.2.0/../../..] ==> dir [/usr/lib/gcc/x86_64-pc-linux-gnu/12.2.0/../../..]
    arg [CMakeFiles/cmTC_43a24.dir/CMakeCCompilerABI.c.o] ==> ignore
    arg [-lgcc] ==> lib [gcc]
    arg [--push-state] ==> ignore
    arg [--as-needed] ==> ignore
    arg [-lgcc_s] ==> lib [gcc_s]
    arg [--pop-state] ==> ignore
    arg [-lc] ==> lib [c]
    arg [-lgcc] ==> lib [gcc]
    arg [--push-state] ==> ignore
    arg [--as-needed] ==> ignore
    arg [-lgcc_s] ==> lib [gcc_s]
    arg [--pop-state] ==> ignore
    arg [/usr/lib/gcc/x86_64-pc-linux-gnu/12.2.0/crtendS.o] ==> obj [/usr/lib/gcc/x86_64-pc-linux-gnu/12.2.0/crtendS.o]
    arg [/usr/lib/gcc/x86_64-pc-linux-gnu/12.2.0/../../../../lib/crtn.o] ==> obj [/usr/lib/gcc/x86_64-pc-linux-gnu/12.2.0/../../../../lib/crtn.o]
  collapse obj [/usr/lib/gcc/x86_64-pc-linux-gnu/12.2.0/../../../../lib/Scrt1.o] ==> [/usr/lib/Scrt1.o]
  collapse obj [/usr/lib/gcc/x86_64-pc-linux-gnu/12.2.0/../../../../lib/crti.o] ==> [/usr/lib/crti.o]
  collapse obj [/usr/lib/gcc/x86_64-pc-linux-gnu/12.2.0/../../../../lib/crtn.o] ==> [/usr/lib/crtn.o]
  collapse library dir [/usr/lib/gcc/x86_64-pc-linux-gnu/12.2.0] ==> [/usr/lib/gcc/x86_64-pc-linux-gnu/12.2.0]
  collapse library dir [/usr/lib/gcc/x86_64-pc-linux-gnu/12.2.0/../../../../lib] ==> [/usr/lib]
  collapse library dir [/lib/../lib] ==> [/lib]
  collapse library dir [/usr/lib/../lib] ==> [/usr/lib]
  collapse library dir [/usr/lib/gcc/x86_64-pc-linux-gnu/12.2.0/../../..] ==> [/usr/lib]
  implicit libs: [gcc;gcc_s;c;gcc;gcc_s]
  implicit objs: [/usr/lib/Scrt1.o;/usr/lib/crti.o;/usr/lib/gcc/x86_64-pc-linux-gnu/12.2.0/crtbeginS.o;/usr/lib/gcc/x86_64-pc-linux-gnu/12.2.0/crtendS.o;/usr/lib/crtn.o]
  implicit dirs: [/usr/lib/gcc/x86_64-pc-linux-gnu/12.2.0;/usr/lib;/lib]
  implicit fwks: []


Detecting CXX compiler ABI info compiled with the following output:
Change Dir: /home/akhaten/Documents/OpenglProject/build/CMakeFiles/CMakeTmp

Run Build Command(s):/usr/bin/make -f Makefile cmTC_577ac/fast && /usr/bin/make  -f CMakeFiles/cmTC_577ac.dir/build.make CMakeFiles/cmTC_577ac.dir/build
make[1]: Entering directory '/home/akhaten/Documents/OpenglProject/build/CMakeFiles/CMakeTmp'
Building CXX object CMakeFiles/cmTC_577ac.dir/CMakeCXXCompilerABI.cpp.o
/usr/bin/g++   -v -o CMakeFiles/cmTC_577ac.dir/CMakeCXXCompilerABI.cpp.o -c /usr/share/cmake/Modules/CMakeCXXCompilerABI.cpp
Using built-in specs.
COLLECT_GCC=/usr/bin/g++
Target: x86_64-pc-linux-gnu
Configured with: /build/gcc/src/gcc/configure --enable-languages=c,c++,ada,fortran,go,lto,objc,obj-c++,d --enable-bootstrap --prefix=/usr --libdir=/usr/lib --libexecdir=/usr/lib --mandir=/usr/share/man --infodir=/usr/share/info --with-bugurl=https://bugs.archlinux.org/ --with-build-config=bootstrap-lto --with-linker-hash-style=gnu --with-system-zlib --enable-__cxa_atexit --enable-cet=auto --enable-checking=release --enable-clocale=gnu --enable-default-pie --enable-default-ssp --enable-gnu-indirect-function --enable-gnu-unique-object --enable-libstdcxx-backtrace --enable-link-serialization=1 --enable-linker-build-id --enable-lto --enable-multilib --enable-plugin --enable-shared --enable-threads=posix --disable-libssp --disable-libstdcxx-pch --disable-werror
Thread model: posix
Supported LTO compression algorithms: zlib zstd
gcc version 12.2.0 (GCC) 
COLLECT_GCC_OPTIONS='-v' '-o' 'CMakeFiles/cmTC_577ac.dir/CMakeCXXCompilerABI.cpp.o' '-c' '-shared-libgcc' '-mtune=generic' '-march=x86-64' '-dumpdir' 'CMakeFiles/cmTC_577ac.dir/'
 /usr/lib/gcc/x86_64-pc-linux-gnu/12.2.0/cc1plus -quiet -v -D_GNU_SOURCE /usr/share/cmake/Modules/CMakeCXXCompilerABI.cpp -quiet -dumpdir CMakeFiles/cmTC_577ac.dir/ -dumpbase CMakeCXXCompilerABI.cpp.cpp -dumpbase-ext .cpp -mtune=generic -march=x86-64 -version -o /tmp/ccdM9Xum.s
GNU C++17 (GCC) version 12.2.0 (x86_64-pc-linux-gnu)
	compiled by GNU C version 12.2.0, GMP version 6.2.1, MPFR version 4.1.0-p13, MPC version 1.2.1, isl version isl-0.25-GMP

GGC heuristics: --param ggc-min-expand=100 --param ggc-min-heapsize=131072
ignoring nonexistent directory "/usr/lib/gcc/x86_64-pc-linux-gnu/12.2.0/../../../../x86_64-pc-linux-gnu/include"
#include "..." search starts here:
#include <...> search starts here:
 /usr/lib/gcc/x86_64-pc-linux-gnu/12.2.0/../../../../include/c++/12.2.0
 /usr/lib/gcc/x86_64-pc-linux-gnu/12.2.0/../../../../include/c++/12.2.0/x86_64-pc-linux-gnu
 /usr/lib/gcc/x86_64-pc-linux-gnu/12.2.0/../../../../include/c++/12.2.0/backward
 /usr/lib/gcc/x86_64-pc-linux-gnu/12.2.0/include
 /usr/local/include
 /usr/lib/gcc/x86_64-pc-linux-gnu/12.2.0/include-fixed
 /usr/include
End of search list.
GNU C++17 (GCC) version 12.2.0 (x86_64-pc-linux-gnu)
	compiled by GNU C version 12.2.0, GMP version 6.2.1, MPFR version 4.1.0-p13, MPC version 1.2.1, isl version isl-0.25-GMP

GGC heuristics: --param ggc-min-expand=100 --param ggc-min-heapsize=131072
Compiler executable checksum: 402ce889a414e2a3abbbe3146fa0a6cb
COLLECT_GCC_OPTIONS='-v' '-o' 'CMakeFiles/cmTC_577ac.dir/CMakeCXXCompilerABI.cpp.o' '-c' '-shared-libgcc' '-mtune=generic' '-march=x86-64' '-dumpdir' 'CMakeFiles/cmTC_577ac.dir/'
 as -v --64 -o CMakeFiles/cmTC_577ac.dir/CMakeCXXCompilerABI.cpp.o /tmp/ccdM9Xum.s
GNU assembler version 2.39.0 (x86_64-pc-linux-gnu) using BFD version (GNU Binutils) 2.39.0
COMPILER_PATH=/usr/lib/gcc/x86_64-pc-linux-gnu/12.2.0/:/usr/lib/gcc/x86_64-pc-linux-gnu/12.2.0/:/usr/lib/gcc/x86_64-pc-linux-gnu/:/usr/lib/gcc/x86_64-pc-linux-gnu/12.2.0/:/usr/lib/gcc/x86_64-pc-linux-gnu/
LIBRARY_PATH=/usr/lib/gcc/x86_64-pc-linux-gnu/12.2.0/:/usr/lib/gcc/x86_64-pc-linux-gnu/12.2.0/../../../../lib/:/lib/../lib/:/usr/lib/../lib/:/usr/lib/gcc/x86_64-pc-linux-gnu/12.2.0/../../../:/lib/:/usr/lib/
COLLECT_GCC_OPTIONS='-v' '-o' 'CMakeFiles/cmTC_577ac.dir/CMakeCXXCompilerABI.cpp.o' '-c' '-shared-libgcc' '-mtune=generic' '-march=x86-64' '-dumpdir' 'CMakeFiles/cmTC_577ac.dir/CMakeCXXCompilerABI.cpp.'
Linking CXX executable cmTC_577ac
/usr/bin/cmake -E cmake_link_script CMakeFiles/cmTC_577ac.dir/link.txt --verbose=1
/usr/bin/g++  -v CMakeFiles/cmTC_577ac.dir/CMakeCXXCompilerABI.cpp.o -o cmTC_577ac 
Using built-in specs.
COLLECT_GCC=/usr/bin/g++
COLLECT_LTO_WRAPPER=/usr/lib/gcc/x86_64-pc-linux-gnu/12.2.0/lto-wrapper
Target: x86_64-pc-linux-gnu
Configured with: /build/gcc/src/gcc/configure --enable-languages=c,c++,ada,fortran,go,lto,objc,obj-c++,d --enable-bootstrap --prefix=/usr --libdir=/usr/lib --libexecdir=/usr/lib --mandir=/usr/share/man --infodir=/usr/share/info --with-bugurl=https://bugs.archlinux.org/ --with-build-config=bootstrap-lto --with-linker-hash-style=gnu --with-system-zlib --enable-__cxa_atexit --enable-cet=auto --enable-checking=release --enable-clocale=gnu --enable-default-pie --enable-default-ssp --enable-gnu-indirect-function --enable-gnu-unique-object --enable-libstdcxx-backtrace --enable-link-serialization=1 --enable-linker-build-id --enable-lto --enable-multilib --enable-plugin --enable-shared --enable-threads=posix --disable-libssp --disable-libstdcxx-pch --disable-werror
Thread model: posix
Supported LTO compression algorithms: zlib zstd
gcc version 12.2.0 (GCC) 
COMPILER_PATH=/usr/lib/gcc/x86_64-pc-linux-gnu/12.2.0/:/usr/lib/gcc/x86_64-pc-linux-gnu/12.2.0/:/usr/lib/gcc/x86_64-pc-linux-gnu/:/usr/lib/gcc/x86_64-pc-linux-gnu/12.2.0/:/usr/lib/gcc/x86_64-pc-linux-gnu/
LIBRARY_PATH=/usr/lib/gcc/x86_64-pc-linux-gnu/12.2.0/:/usr/lib/gcc/x86_64-pc-linux-gnu/12.2.0/../../../../lib/:/lib/../lib/:/usr/lib/../lib/:/usr/lib/gcc/x86_64-pc-linux-gnu/12.2.0/../../../:/lib/:/usr/lib/
COLLECT_GCC_OPTIONS='-v' '-o' 'cmTC_577ac' '-shared-libgcc' '-mtune=generic' '-march=x86-64' '-dumpdir' 'cmTC_577ac.'
 /usr/lib/gcc/x86_64-pc-linux-gnu/12.2.0/collect2 -plugin /usr/lib/gcc/x86_64-pc-linux-gnu/12.2.0/liblto_plugin.so -plugin-opt=/usr/lib/gcc/x86_64-pc-linux-gnu/12.2.0/lto-wrapper -plugin-opt=-fresolution=/tmp/ccysHngV.res -plugin-opt=-pass-through=-lgcc_s -plugin-opt=-pass-through=-lgcc -plugin-opt=-pass-through=-lc -plugin-opt=-pass-through=-lgcc_s -plugin-opt=-pass-through=-lgcc --build-id --eh-frame-hdr --hash-style=gnu -m elf_x86_64 -dynamic-linker /lib64/ld-linux-x86-64.so.2 -pie -o cmTC_577ac /usr/lib/gcc/x86_64-pc-linux-gnu/12.2.0/../../../../lib/Scrt1.o /usr/lib/gcc/x86_64-pc-linux-gnu/12.2.0/../../../../lib/crti.o /usr/lib/gcc/x86_64-pc-linux-gnu/12.2.0/crtbeginS.o -L/usr/lib/gcc/x86_64-pc-linux-gnu/12.2.0 -L/usr/lib/gcc/x86_64-pc-linux-gnu/12.2.0/../../../../lib -L/lib/../lib -L/usr/lib/../lib -L/usr/lib/gcc/x86_64-pc-linux-gnu/12.2.0/../../.. CMakeFiles/cmTC_577ac.dir/CMakeCXXCompilerABI.cpp.o -lstdc++ -lm -lgcc_s -lgcc -lc -lgcc_s -lgcc /usr/lib/gcc/x86_64-pc-linux-gnu/12.2.0/crtendS.o /usr/lib/gcc/x86_64-pc-linux-gnu/12.2.0/../../../../lib/crtn.o
COLLECT_GCC_OPTIONS='-v' '-o' 'cmTC_577ac' '-shared-libgcc' '-mtune=generic' '-march=x86-64' '-dumpdir' 'cmTC_577ac.'
make[1]: Leaving directory '/home/akhaten/Documents/OpenglProject/build/CMakeFiles/CMakeTmp'



Parsed CXX implicit include dir info from above output: rv=done
  found start of include info
  found start of implicit include info
    add: [/usr/lib/gcc/x86_64-pc-linux-gnu/12.2.0/../../../../include/c++/12.2.0]
    add: [/usr/lib/gcc/x86_64-pc-linux-gnu/12.2.0/../../../../include/c++/12.2.0/x86_64-pc-linux-gnu]
    add: [/usr/lib/gcc/x86_64-pc-linux-gnu/12.2.0/../../../../include/c++/12.2.0/backward]
    add: [/usr/lib/gcc/x86_64-pc-linux-gnu/12.2.0/include]
    add: [/usr/local/include]
    add: [/usr/lib/gcc/x86_64-pc-linux-gnu/12.2.0/include-fixed]
    add: [/usr/include]
  end of search list found
  collapse include dir [/usr/lib/gcc/x86_64-pc-linux-gnu/12.2.0/../../../../include/c++/12.2.0] ==> [/usr/include/c++/12.2.0]
  collapse include dir [/usr/lib/gcc/x86_64-pc-linux-gnu/12.2.0/../../../../include/c++/12.2.0/x86_64-pc-linux-gnu] ==> [/usr/include/c++/12.2.0/x86_64-pc-linux-gnu]
  collapse include dir [/usr/lib/gcc/x86_64-pc-linux-gnu/12.2.0/../../../../include/c++/12.2.0/backward] ==> [/usr/include/c++/12.2.0/backward]
  collapse include dir [/usr/lib/gcc/x86_64-pc-linux-gnu/12.2.0/include] ==> [/usr/lib/gcc/x86_64-pc-linux-gnu/12.2.0/include]
  collapse include dir [/usr/local/include] ==> [/usr/local/include]
  collapse include dir [/usr/lib/gcc/x86_64-pc-linux-gnu/12.2.0/include-fixed] ==> [/usr/lib/gcc/x86_64-pc-linux-gnu/12.2.0/include-fixed]
  collapse include dir [/usr/include] ==> [/usr/include]
  implicit include dirs: [/usr/include/c++/12.2.0;/usr/include/c++/12.2.0/x86_64-pc-linux-gnu;/usr/include/c++/12.2.0/backward;/usr/lib/gcc/x86_64-pc-linux-gnu/12.2.0/include;/usr/local/include;/usr/lib/gcc/x86_64-pc-linux-gnu/12.2.0/include-fixed;/usr/include]


Parsed CXX implicit link information from above output:
  link line regex: [^( *|.*[/\])(ld|CMAKE_LINK_STARTFILE-NOTFOUND|([^/\]+-)?ld|collect2)[^/\]*( |$)]
  ignore line: [Change Dir: /home/akhaten/Documents/OpenglProject/build/CMakeFiles/CMakeTmp]
  ignore line: []
  ignore line: [Run Build Command(s):/usr/bin/make -f Makefile cmTC_577ac/fast && /usr/bin/make  -f CMakeFiles/cmTC_577ac.dir/build.make CMakeFiles/cmTC_577ac.dir/build]
  ignore line: [make[1]: Entering directory '/home/akhaten/Documents/OpenglProject/build/CMakeFiles/CMakeTmp']
  ignore line: [Building CXX object CMakeFiles/cmTC_577ac.dir/CMakeCXXCompilerABI.cpp.o]
  ignore line: [/usr/bin/g++   -v -o CMakeFiles/cmTC_577ac.dir/CMakeCXXCompilerABI.cpp.o -c /usr/share/cmake/Modules/CMakeCXXCompilerABI.cpp]
  ignore line: [Using built-in specs.]
  ignore line: [COLLECT_GCC=/usr/bin/g++]
  ignore line: [Target: x86_64-pc-linux-gnu]
  ignore line: [Configured with: /build/gcc/src/gcc/configure --enable-languages=c c++ ada fortran go lto objc obj-c++ d --enable-bootstrap --prefix=/usr --libdir=/usr/lib --libexecdir=/usr/lib --mandir=/usr/share/man --infodir=/usr/share/info --with-bugurl=https://bugs.archlinux.org/ --with-build-config=bootstrap-lto --with-linker-hash-style=gnu --with-system-zlib --enable-__cxa_atexit --enable-cet=auto --enable-checking=release --enable-clocale=gnu --enable-default-pie --enable-default-ssp --enable-gnu-indirect-function --enable-gnu-unique-object --enable-libstdcxx-backtrace --enable-link-serialization=1 --enable-linker-build-id --enable-lto --enable-multilib --enable-plugin --enable-shared --enable-threads=posix --disable-libssp --disable-libstdcxx-pch --disable-werror]
  ignore line: [Thread model: posix]
  ignore line: [Supported LTO compression algorithms: zlib zstd]
  ignore line: [gcc version 12.2.0 (GCC) ]
  ignore line: [COLLECT_GCC_OPTIONS='-v' '-o' 'CMakeFiles/cmTC_577ac.dir/CMakeCXXCompilerABI.cpp.o' '-c' '-shared-libgcc' '-mtune=generic' '-march=x86-64' '-dumpdir' 'CMakeFiles/cmTC_577ac.dir/']
  ignore line: [ /usr/lib/gcc/x86_64-pc-linux-gnu/12.2.0/cc1plus -quiet -v -D_GNU_SOURCE /usr/share/cmake/Modules/CMakeCXXCompilerABI.cpp -quiet -dumpdir CMakeFiles/cmTC_577ac.dir/ -dumpbase CMakeCXXCompilerABI.cpp.cpp -dumpbase-ext .cpp -mtune=generic -march=x86-64 -version -o /tmp/ccdM9Xum.s]
  ignore line: [GNU C++17 (GCC) version 12.2.0 (x86_64-pc-linux-gnu)]
  ignore line: [	compiled by GNU C version 12.2.0  GMP version 6.2.1  MPFR version 4.1.0-p13  MPC version 1.2.1  isl version isl-0.25-GMP]
  ignore line: []
  ignore line: [GGC heuristics: --param ggc-min-expand=100 --param ggc-min-heapsize=131072]
  ignore line: [ignoring nonexistent directory "/usr/lib/gcc/x86_64-pc-linux-gnu/12.2.0/../../../../x86_64-pc-linux-gnu/include"]
  ignore line: [#include "..." search starts here:]
  ignore line: [#include <...> search starts here:]
  ignore line: [ /usr/lib/gcc/x86_64-pc-linux-gnu/12.2.0/../../../../include/c++/12.2.0]
  ignore line: [ /usr/lib/gcc/x86_64-pc-linux-gnu/12.2.0/../../../../include/c++/12.2.0/x86_64-pc-linux-gnu]
  ignore line: [ /usr/lib/gcc/x86_64-pc-linux-gnu/12.2.0/../../../../include/c++/12.2.0/backward]
  ignore line: [ /usr/lib/gcc/x86_64-pc-linux-gnu/12.2.0/include]
  ignore line: [ /usr/local/include]
  ignore line: [ /usr/lib/gcc/x86_64-pc-linux-gnu/12.2.0/include-fixed]
  ignore line: [ /usr/include]
  ignore line: [End of search list.]
  ignore line: [GNU C++17 (GCC) version 12.2.0 (x86_64-pc-linux-gnu)]
  ignore line: [	compiled by GNU C version 12.2.0  GMP version 6.2.1  MPFR version 4.1.0-p13  MPC version 1.2.1  isl version isl-0.25-GMP]
  ignore line: []
  ignore line: [GGC heuristics: --param ggc-min-expand=100 --param ggc-min-heapsize=131072]
  ignore line: [Compiler executable checksum: 402ce889a414e2a3abbbe3146fa0a6cb]
  ignore line: [COLLECT_GCC_OPTIONS='-v' '-o' 'CMakeFiles/cmTC_577ac.dir/CMakeCXXCompilerABI.cpp.o' '-c' '-shared-libgcc' '-mtune=generic' '-march=x86-64' '-dumpdir' 'CMakeFiles/cmTC_577ac.dir/']
  ignore line: [ as -v --64 -o CMakeFiles/cmTC_577ac.dir/CMakeCXXCompilerABI.cpp.o /tmp/ccdM9Xum.s]
  ignore line: [GNU assembler version 2.39.0 (x86_64-pc-linux-gnu) using BFD version (GNU Binutils) 2.39.0]
  ignore line: [COMPILER_PATH=/usr/lib/gcc/x86_64-pc-linux-gnu/12.2.0/:/usr/lib/gcc/x86_64-pc-linux-gnu/12.2.0/:/usr/lib/gcc/x86_64-pc-linux-gnu/:/usr/lib/gcc/x86_64-pc-linux-gnu/12.2.0/:/usr/lib/gcc/x86_64-pc-linux-gnu/]
  ignore line: [LIBRARY_PATH=/usr/lib/gcc/x86_64-pc-linux-gnu/12.2.0/:/usr/lib/gcc/x86_64-pc-linux-gnu/12.2.0/../../../../lib/:/lib/../lib/:/usr/lib/../lib/:/usr/lib/gcc/x86_64-pc-linux-gnu/12.2.0/../../../:/lib/:/usr/lib/]
  ignore line: [COLLECT_GCC_OPTIONS='-v' '-o' 'CMakeFiles/cmTC_577ac.dir/CMakeCXXCompilerABI.cpp.o' '-c' '-shared-libgcc' '-mtune=generic' '-march=x86-64' '-dumpdir' 'CMakeFiles/cmTC_577ac.dir/CMakeCXXCompilerABI.cpp.']
  ignore line: [Linking CXX executable cmTC_577ac]
  ignore line: [/usr/bin/cmake -E cmake_link_script CMakeFiles/cmTC_577ac.dir/link.txt --verbose=1]
  ignore line: [/usr/bin/g++  -v CMakeFiles/cmTC_577ac.dir/CMakeCXXCompilerABI.cpp.o -o cmTC_577ac ]
  ignore line: [Using built-in specs.]
  ignore line: [COLLECT_GCC=/usr/bin/g++]
  ignore line: [COLLECT_LTO_WRAPPER=/usr/lib/gcc/x86_64-pc-linux-gnu/12.2.0/lto-wrapper]
  ignore line: [Target: x86_64-pc-linux-gnu]
  ignore line: [Configured with: /build/gcc/src/gcc/configure --enable-languages=c c++ ada fortran go lto objc obj-c++ d --enable-bootstrap --prefix=/usr --libdir=/usr/lib --libexecdir=/usr/lib --mandir=/usr/share/man --infodir=/usr/share/info --with-bugurl=https://bugs.archlinux.org/ --with-build-config=bootstrap-lto --with-linker-hash-style=gnu --with-system-zlib --enable-__cxa_atexit --enable-cet=auto --enable-checking=release --enable-clocale=gnu --enable-default-pie --enable-default-ssp --enable-gnu-indirect-function --enable-gnu-unique-object --enable-libstdcxx-backtrace --enable-link-serialization=1 --enable-linker-build-id --enable-lto --enable-multilib --enable-plugin --enable-shared --enable-threads=posix --disable-libssp --disable-libstdcxx-pch --disable-werror]
  ignore line: [Thread model: posix]
  ignore line: [Supported LTO compression algorithms: zlib zstd]
  ignore line: [gcc version 12.2.0 (GCC) ]
  ignore line: [COMPILER_PATH=/usr/lib/gcc/x86_64-pc-linux-gnu/12.2.0/:/usr/lib/gcc/x86_64-pc-linux-gnu/12.2.0/:/usr/lib/gcc/x86_64-pc-linux-gnu/:/usr/lib/gcc/x86_64-pc-linux-gnu/12.2.0/:/usr/lib/gcc/x86_64-pc-linux-gnu/]
  ignore line: [LIBRARY_PATH=/usr/lib/gcc/x86_64-pc-linux-gnu/12.2.0/:/usr/lib/gcc/x86_64-pc-linux-gnu/12.2.0/../../../../lib/:/lib/../lib/:/usr/lib/../lib/:/usr/lib/gcc/x86_64-pc-linux-gnu/12.2.0/../../../:/lib/:/usr/lib/]
  ignore line: [COLLECT_GCC_OPTIONS='-v' '-o' 'cmTC_577ac' '-shared-libgcc' '-mtune=generic' '-march=x86-64' '-dumpdir' 'cmTC_577ac.']
  link line: [ /usr/lib/gcc/x86_64-pc-linux-gnu/12.2.0/collect2 -plugin /usr/lib/gcc/x86_64-pc-linux-gnu/12.2.0/liblto_plugin.so -plugin-opt=/usr/lib/gcc/x86_64-pc-linux-gnu/12.2.0/lto-wrapper -plugin-opt=-fresolution=/tmp/ccysHngV.res -plugin-opt=-pass-through=-lgcc_s -plugin-opt=-pass-through=-lgcc -plugin-opt=-pass-through=-lc -plugin-opt=-pass-through=-lgcc_s -plugin-opt=-pass-through=-lgcc --build-id --eh-frame-hdr --hash-style=gnu -m elf_x86_64 -dynamic-linker /lib64/ld-linux-x86-64.so.2 -pie -o cmTC_577ac /usr/lib/gcc/x86_64-pc-linux-gnu/12.2.0/../../../../lib/Scrt1.o /usr/lib/gcc/x86_64-pc-linux-gnu/12.2.0/../../../../lib/crti.o /usr/lib/gcc/x86_64-pc-linux-gnu/12.2.0/crtbeginS.o -L/usr/lib/gcc/x86_64-pc-linux-gnu/12.2.0 -L/usr/lib/gcc/x86_64-pc-linux-gnu/12.2.0/../../../../lib -L/lib/../lib -L/usr/lib/../lib -L/usr/lib/gcc/x86_64-pc-linux-gnu/12.2.0/../../.. CMakeFiles/cmTC_577ac.dir/CMakeCXXCompilerABI.cpp.o -lstdc++ -lm -lgcc_s -lgcc -lc -lgcc_s -lgcc /usr/lib/gcc/x86_64-pc-linux-gnu/12.2.0/crtendS.o /usr/lib/gcc/x86_64-pc-linux-gnu/12.2.0/../../../../lib/crtn.o]
    arg [/usr/lib/gcc/x86_64-pc-linux-gnu/12.2.0/collect2] ==> ignore
    arg [-plugin] ==> ignore
    arg [/usr/lib/gcc/x86_64-pc-linux-gnu/12.2.0/liblto_plugin.so] ==> ignore
    arg [-plugin-opt=/usr/lib/gcc/x86_64-pc-linux-gnu/12.2.0/lto-wrapper] ==> ignore
    arg [-plugin-opt=-fresolution=/tmp/ccysHngV.res] ==> ignore
    arg [-plugin-opt=-pass-through=-lgcc_s] ==> ignore
    arg [-plugin-opt=-pass-through=-lgcc] ==> ignore
    arg [-plugin-opt=-pass-through=-lc] ==> ignore
    arg [-plugin-opt=-pass-through=-lgcc_s] ==> ignore
    arg [-plugin-opt=-pass-through=-lgcc] ==> ignore
    arg [--build-id] ==> ignore
    arg [--eh-frame-hdr] ==> ignore
    arg [--hash-style=gnu] ==> ignore
    arg [-m] ==> ignore
    arg [elf_x86_64] ==> ignore
    arg [-dynamic-linker] ==> ignore
    arg [/lib64/ld-linux-x86-64.so.2] ==> ignore
    arg [-pie] ==> ignore
    arg [-o] ==> ignore
    arg [cmTC_577ac] ==> ignore
    arg [/usr/lib/gcc/x86_64-pc-linux-gnu/12.2.0/../../../../lib/Scrt1.o] ==> obj [/usr/lib/gcc/x86_64-pc-linux-gnu/12.2.0/../../../../lib/Scrt1.o]
    arg [/usr/lib/gcc/x86_64-pc-linux-gnu/12.2.0/../../../../lib/crti.o] ==> obj [/usr/lib/gcc/x86_64-pc-linux-gnu/12.2.0/../../../../lib/crti.o]
    arg [/usr/lib/gcc/x86_64-pc-linux-gnu/12.2.0/crtbeginS.o] ==> obj [/usr/lib/gcc/x86_64-pc-linux-gnu/12.2.0/crtbeginS.o]
    arg [-L/usr/lib/gcc/x86_64-pc-linux-gnu/12.2.0] ==> dir [/usr/lib/gcc/x86_64-pc-linux-gnu/12.2.0]
    arg [-L/usr/lib/gcc/x86_64-pc-linux-gnu/12.2.0/../../../../lib] ==> dir [/usr/lib/gcc/x86_64-pc-linux-gnu/12.2.0/../../../../lib]
    arg [-L/lib/../lib] ==> dir [/lib/../lib]
    arg [-L/usr/lib/../lib] ==> dir [/usr/lib/../lib]
    arg [-L/usr/lib/gcc/x86_64-pc-linux-gnu/12.2.0/../../..] ==> dir [/usr/lib/gcc/x86_64-pc-linux-gnu/12.2.0/../../..]
    arg [CMakeFiles/cmTC_577ac.dir/CMakeCXXCompilerABI.cpp.o] ==> ignore
    arg [-lstdc++] ==> lib [stdc++]
    arg [-lm] ==> lib [m]
    arg [-lgcc_s] ==> lib [gcc_s]
    arg [-lgcc] ==> lib [gcc]
    arg [-lc] ==> lib [c]
    arg [-lgcc_s] ==> lib [gcc_s]
    arg [-lgcc] ==> lib [gcc]
    arg [/usr/lib/gcc/x86_64-pc-linux-gnu/12.2.0/crtendS.o] ==> obj [/usr/lib/gcc/x86_64-pc-linux-gnu/12.2.0/crtendS.o]
    arg [/usr/lib/gcc/x86_64-pc-linux-gnu/12.2.0/../../../../lib/crtn.o] ==> obj [/usr/lib/gcc/x86_64-pc-linux-gnu/12.2.0/../../../../lib/crtn.o]
  collapse obj [/usr/lib/gcc/x86_64-pc-linux-gnu/12.2.0/../../../../lib/Scrt1.o] ==> [/usr/lib/Scrt1.o]
  collapse obj [/usr/lib/gcc/x86_64-pc-linux-gnu/12.2.0/../../../../lib/crti.o] ==> [/usr/lib/crti.o]
  collapse obj [/usr/lib/gcc/x86_64-pc-linux-gnu/12.2.0/../../../../lib/crtn.o] ==> [/usr/lib/crtn.o]
  collapse library dir [/usr/lib/gcc/x86_64-pc-linux-gnu/12.2.0] ==> [/usr/lib/gcc/x86_64-pc-linux-gnu/12.2.0]
  collapse library dir [/usr/lib/gcc/x86_64-pc-linux-gnu/12.2.0/../../../../lib] ==> [/usr/lib]
  collapse library dir [/lib/../lib] ==> [/lib]
  collapse library dir [/usr/lib/../lib] ==> [/usr/lib]
  collapse library dir [/usr/lib/gcc/x86_64-pc-linux-gnu/12.2.0/../../..] ==> [/usr/lib]
  implicit libs: [stdc++;m;gcc_s;gcc;c;gcc_s;gcc]
  implicit objs: [/usr/lib/Scrt1.o;/usr/lib/crti.o;/usr/lib/gcc/x86_64-pc-linux-gnu/12.2.0/crtbeginS.o;/usr/lib/gcc/x86_64-pc-linux-gnu/12.2.0/crtendS.o;/usr/lib/crtn.o]
  implicit dirs: [/usr/lib/gcc/x86_64-pc-linux-gnu/12.2.0;/usr/lib;/lib]
  implicit fwks: []


Performing C SOURCE FILE Test CMAKE_HAVE_LIBC_PTHREAD succeeded with the following output:
Change Dir: /home/akhaten/Documents/OpenglProject/build/CMakeFiles/CMakeTmp

Run Build Command(s):/usr/bin/make -f Makefile cmTC_da60e/fast && /usr/bin/make  -f CMakeFiles/cmTC_da60e.dir/build.make CMakeFiles/cmTC_da60e.dir/build
make[1]: Entering directory '/home/akhaten/Documents/OpenglProject/build/CMakeFiles/CMakeTmp'
Building C object CMakeFiles/cmTC_da60e.dir/src.c.o
/usr/bin/gcc -DCMAKE_HAVE_LIBC_PTHREAD   -o CMakeFiles/cmTC_da60e.dir/src.c.o -c /home/akhaten/Documents/OpenglProject/build/CMakeFiles/CMakeTmp/src.c
Linking C executable cmTC_da60e
/usr/bin/cmake -E cmake_link_script CMakeFiles/cmTC_da60e.dir/link.txt --verbose=1
/usr/bin/gcc CMakeFiles/cmTC_da60e.dir/src.c.o -o cmTC_da60e 
make[1]: Leaving directory '/home/akhaten/Documents/OpenglProject/build/CMakeFiles/CMakeTmp'


Source file was:
#include <pthread.h>

static void* test_func(void* data)
{
  return data;
}

int main(void)
{
  pthread_t thread;
  pthread_create(&thread, NULL, test_func, NULL);
  pthread_detach(thread);
  pthread_cancel(thread);
  pthread_join(thread, NULL);
  pthread_atfork(NULL, NULL, NULL);
  pthread_exit(NULL);

  return 0;
}

Determining if the function XOpenDisplay exists in the /usr/lib/libX11.so;/usr/lib/libXext.so passed with the following output:
Change Dir: /home/akhaten/Documents/OpenglProject/build/CMakeFiles/CMakeTmp

Run Build Command(s):/usr/bin/make -f Makefile cmTC_529e9/fast && /usr/bin/make  -f CMakeFiles/cmTC_529e9.dir/build.make CMakeFiles/cmTC_529e9.dir/build
make[1]: Entering directory '/home/akhaten/Documents/OpenglProject/build/CMakeFiles/CMakeTmp'
Building C object CMakeFiles/cmTC_529e9.dir/CheckFunctionExists.c.o
/usr/bin/gcc   -DCHECK_FUNCTION_EXISTS=XOpenDisplay -o CMakeFiles/cmTC_529e9.dir/CheckFunctionExists.c.o -c /usr/share/cmake/Modules/CheckFunctionExists.c
Linking C executable cmTC_529e9
/usr/bin/cmake -E cmake_link_script CMakeFiles/cmTC_529e9.dir/link.txt --verbose=1
/usr/bin/gcc  -DCHECK_FUNCTION_EXISTS=XOpenDisplay CMakeFiles/cmTC_529e9.dir/CheckFunctionExists.c.o -o cmTC_529e9  /usr/lib/libX11.so /usr/lib/libXext.so 
make[1]: Leaving directory '/home/akhaten/Documents/OpenglProject/build/CMakeFiles/CMakeTmp'



Determining if the function gethostbyname exists passed with the following output:
Change Dir: /home/akhaten/Documents/OpenglProject/build/CMakeFiles/CMakeTmp

Run Build Command(s):/usr/bin/make -f Makefile cmTC_f7d3e/fast && /usr/bin/make  -f CMakeFiles/cmTC_f7d3e.dir/build.make CMakeFiles/cmTC_f7d3e.dir/build
make[1]: Entering directory '/home/akhaten/Documents/OpenglProject/build/CMakeFiles/CMakeTmp'
Building C object CMakeFiles/cmTC_f7d3e.dir/CheckFunctionExists.c.o
/usr/bin/gcc   -DCHECK_FUNCTION_EXISTS=gethostbyname -o CMakeFiles/cmTC_f7d3e.dir/CheckFunctionExists.c.o -c /usr/share/cmake/Modules/CheckFunctionExists.c
Linking C executable cmTC_f7d3e
/usr/bin/cmake -E cmake_link_script CMakeFiles/cmTC_f7d3e.dir/link.txt --verbose=1
/usr/bin/gcc  -DCHECK_FUNCTION_EXISTS=gethostbyname CMakeFiles/cmTC_f7d3e.dir/CheckFunctionExists.c.o -o cmTC_f7d3e 
make[1]: Leaving directory '/home/akhaten/Documents/OpenglProject/build/CMakeFiles/CMakeTmp'



Determining if the function connect exists passed with the following output:
Change Dir: /home/akhaten/Documents/OpenglProject/build/CMakeFiles/CMakeTmp

Run Build Command(s):/usr/bin/make -f Makefile cmTC_fa544/fast && /usr/bin/make  -f CMakeFiles/cmTC_fa544.dir/build.make CMakeFiles/cmTC_fa544.dir/build
make[1]: Entering directory '/home/akhaten/Documents/OpenglProject/build/CMakeFiles/CMakeTmp'
Building C object CMakeFiles/cmTC_fa544.dir/CheckFunctionExists.c.o
/usr/bin/gcc   -DCHECK_FUNCTION_EXISTS=connect -o CMakeFiles/cmTC_fa544.dir/CheckFunctionExists.c.o -c /usr/share/cmake/Modules/CheckFunctionExists.c
Linking C executable cmTC_fa544
/usr/bin/cmake -E cmake_link_script CMakeFiles/cmTC_fa544.dir/link.txt --verbose=1
/usr/bin/gcc  -DCHECK_FUNCTION_EXISTS=connect CMakeFiles/cmTC_fa544.dir/CheckFunctionExists.c.o -o cmTC_fa544 
make[1]: Leaving directory '/home/akhaten/Documents/OpenglProject/build/CMakeFiles/CMakeTmp'



Determining if the function remove exists passed with the following output:
Change Dir: /home/akhaten/Documents/OpenglProject/build/CMakeFiles/CMakeTmp

Run Build Command(s):/usr/bin/make -f Makefile cmTC_da1e3/fast && /usr/bin/make  -f CMakeFiles/cmTC_da1e3.dir/build.make CMakeFiles/cmTC_da1e3.dir/build
make[1]: Entering directory '/home/akhaten/Documents/OpenglProject/build/CMakeFiles/CMakeTmp'
Building C object CMakeFiles/cmTC_da1e3.dir/CheckFunctionExists.c.o
/usr/bin/gcc   -DCHECK_FUNCTION_EXISTS=remove -o CMakeFiles/cmTC_da1e3.dir/CheckFunctionExists.c.o -c /usr/share/cmake/Modules/CheckFunctionExists.c
Linking C executable cmTC_da1e3
/usr/bin/cmake -E cmake_link_script CMakeFiles/cmTC_da1e3.dir/link.txt --verbose=1
/usr/bin/gcc  -DCHECK_FUNCTION_EXISTS=remove CMakeFiles/cmTC_da1e3.dir/CheckFunctionExists.c.o -o cmTC_da1e3 
make[1]: Leaving directory '/home/akhaten/Documents/OpenglProject/build/CMakeFiles/CMakeTmp'



Determining if the function shmat exists passed with the following output:
Change Dir: /home/akhaten/Documents/OpenglProject/build/CMakeFiles/CMakeTmp

Run Build Command(s):/usr/bin/make -f Makefile cmTC_9c20a/fast && /usr/bin/make  -f CMakeFiles/cmTC_9c20a.dir/build.make CMakeFiles/cmTC_9c20a.dir/build
make[1]: Entering directory '/home/akhaten/Documents/OpenglProject/build/CMakeFiles/CMakeTmp'
Building C object CMakeFiles/cmTC_9c20a.dir/CheckFunctionExists.c.o
/usr/bin/gcc   -DCHECK_FUNCTION_EXISTS=shmat -o CMakeFiles/cmTC_9c20a.dir/CheckFunctionExists.c.o -c /usr/share/cmake/Modules/CheckFunctionExists.c
Linking C executable cmTC_9c20a
/usr/bin/cmake -E cmake_link_script CMakeFiles/cmTC_9c20a.dir/link.txt --verbose=1
/usr/bin/gcc  -DCHECK_FUNCTION_EXISTS=shmat CMakeFiles/cmTC_9c20a.dir/CheckFunctionExists.c.o -o cmTC_9c20a 
make[1]: Leaving directory '/home/akhaten/Documents/OpenglProject/build/CMakeFiles/CMakeTmp'



Determining if the function IceConnectionNumber exists in the ICE passed with the following output:
Change Dir: /home/akhaten/Documents/OpenglProject/build/CMakeFiles/CMakeTmp

Run Build Command(s):/usr/bin/make -f Makefile cmTC_927cd/fast && /usr/bin/make  -f CMakeFiles/cmTC_927cd.dir/build.make CMakeFiles/cmTC_927cd.dir/build
make[1]: Entering directory '/home/akhaten/Documents/OpenglProject/build/CMakeFiles/CMakeTmp'
Building C object CMakeFiles/cmTC_927cd.dir/CheckFunctionExists.c.o
/usr/bin/gcc   -DCHECK_FUNCTION_EXISTS=IceConnectionNumber -o CMakeFiles/cmTC_927cd.dir/CheckFunctionExists.c.o -c /usr/share/cmake/Modules/CheckFunctionExists.c
Linking C executable cmTC_927cd
/usr/bin/cmake -E cmake_link_script CMakeFiles/cmTC_927cd.dir/link.txt --verbose=1
/usr/bin/gcc  -DCHECK_FUNCTION_EXISTS=IceConnectionNumber CMakeFiles/cmTC_927cd.dir/CheckFunctionExists.c.o -o cmTC_927cd  -lICE 
make[1]: Leaving directory '/home/akhaten/Documents/OpenglProject/build/CMakeFiles/CMakeTmp'



Performing C++ SOURCE FILE Test standard_math_library_linked_to_automatically succeeded with the following output:
Change Dir: /home/akhaten/Documents/OpenglProject/build/CMakeFiles/CMakeTmp

Run Build Command(s):/usr/bin/make -f Makefile cmTC_df9c6/fast && /usr/bin/make  -f CMakeFiles/cmTC_df9c6.dir/build.make CMakeFiles/cmTC_df9c6.dir/build
make[1]: Entering directory '/home/akhaten/Documents/OpenglProject/build/CMakeFiles/CMakeTmp'
Building CXX object CMakeFiles/cmTC_df9c6.dir/src.cxx.o
/usr/bin/g++ -Dstandard_math_library_linked_to_automatically  -std=c++14 -o CMakeFiles/cmTC_df9c6.dir/src.cxx.o -c /home/akhaten/Documents/OpenglProject/build/CMakeFiles/CMakeTmp/src.cxx
Linking CXX executable cmTC_df9c6
/usr/bin/cmake -E cmake_link_script CMakeFiles/cmTC_df9c6.dir/link.txt --verbose=1
/usr/bin/g++ CMakeFiles/cmTC_df9c6.dir/src.cxx.o -o cmTC_df9c6 
make[1]: Leaving directory '/home/akhaten/Documents/OpenglProject/build/CMakeFiles/CMakeTmp'


Source file was:

#include<cmath>
int main(int argc, char **){
  return int(std::sin(double(argc)) + std::log(double(argc)));
}
Performing C++ SOURCE FILE Test COMPILER_SUPPORT_WERROR succeeded with the following output:
Change Dir: /home/akhaten/Documents/OpenglProject/build/CMakeFiles/CMakeTmp

Run Build Command(s):/usr/bin/make -f Makefile cmTC_fe4e6/fast && /usr/bin/make  -f CMakeFiles/cmTC_fe4e6.dir/build.make CMakeFiles/cmTC_fe4e6.dir/build
make[1]: Entering directory '/home/akhaten/Documents/OpenglProject/build/CMakeFiles/CMakeTmp'
Building CXX object CMakeFiles/cmTC_fe4e6.dir/src.cxx.o
/usr/bin/g++ -DCOMPILER_SUPPORT_WERROR  -Werror -std=c++14 -o CMakeFiles/cmTC_fe4e6.dir/src.cxx.o -c /home/akhaten/Documents/OpenglProject/build/CMakeFiles/CMakeTmp/src.cxx
Linking CXX executable cmTC_fe4e6
/usr/bin/cmake -E cmake_link_script CMakeFiles/cmTC_fe4e6.dir/link.txt --verbose=1
/usr/bin/g++ CMakeFiles/cmTC_fe4e6.dir/src.cxx.o -o cmTC_fe4e6 
make[1]: Leaving directory '/home/akhaten/Documents/OpenglProject/build/CMakeFiles/CMakeTmp'


Source file was:
int main() { return 0; }
Performing C++ SOURCE FILE Test COMPILER_SUPPORT_pedantic succeeded with the following output:
Change Dir: /home/akhaten/Documents/OpenglProject/build/CMakeFiles/CMakeTmp

Run Build Command(s):/usr/bin/make -f Makefile cmTC_f0c9a/fast && /usr/bin/make  -f CMakeFiles/cmTC_f0c9a.dir/build.make CMakeFiles/cmTC_f0c9a.dir/build
make[1]: Entering directory '/home/akhaten/Documents/OpenglProject/build/CMakeFiles/CMakeTmp'
Building CXX object CMakeFiles/cmTC_f0c9a.dir/src.cxx.o
/usr/bin/g++ -DCOMPILER_SUPPORT_pedantic  -Werror   -pedantic -std=c++14 -o CMakeFiles/cmTC_f0c9a.dir/src.cxx.o -c /home/akhaten/Documents/OpenglProject/build/CMakeFiles/CMakeTmp/src.cxx
Linking CXX executable cmTC_f0c9a
/usr/bin/cmake -E cmake_link_script CMakeFiles/cmTC_f0c9a.dir/link.txt --verbose=1
/usr/bin/g++  -Werror CMakeFiles/cmTC_f0c9a.dir/src.cxx.o -o cmTC_f0c9a 
make[1]: Leaving directory '/home/akhaten/Documents/OpenglProject/build/CMakeFiles/CMakeTmp'


Source file was:
int main() { return 0; }
Performing C++ SOURCE FILE Test COMPILER_SUPPORT_Wall succeeded with the following output:
Change Dir: /home/akhaten/Documents/OpenglProject/build/CMakeFiles/CMakeTmp

Run Build Command(s):/usr/bin/make -f Makefile cmTC_11ce2/fast && /usr/bin/make  -f CMakeFiles/cmTC_11ce2.dir/build.make CMakeFiles/cmTC_11ce2.dir/build
make[1]: Entering directory '/home/akhaten/Documents/OpenglProject/build/CMakeFiles/CMakeTmp'
Building CXX object CMakeFiles/cmTC_11ce2.dir/src.cxx.o
/usr/bin/g++ -DCOMPILER_SUPPORT_Wall  -pedantic -Werror   -Wall -std=c++14 -o CMakeFiles/cmTC_11ce2.dir/src.cxx.o -c /home/akhaten/Documents/OpenglProject/build/CMakeFiles/CMakeTmp/src.cxx
Linking CXX executable cmTC_11ce2
/usr/bin/cmake -E cmake_link_script CMakeFiles/cmTC_11ce2.dir/link.txt --verbose=1
/usr/bin/g++  -pedantic -Werror CMakeFiles/cmTC_11ce2.dir/src.cxx.o -o cmTC_11ce2 
make[1]: Leaving directory '/home/akhaten/Documents/OpenglProject/build/CMakeFiles/CMakeTmp'


Source file was:
int main() { return 0; }
Performing C++ SOURCE FILE Test COMPILER_SUPPORT_Wextra succeeded with the following output:
Change Dir: /home/akhaten/Documents/OpenglProject/build/CMakeFiles/CMakeTmp

Run Build Command(s):/usr/bin/make -f Makefile cmTC_e0ef0/fast && /usr/bin/make  -f CMakeFiles/cmTC_e0ef0.dir/build.make CMakeFiles/cmTC_e0ef0.dir/build
make[1]: Entering directory '/home/akhaten/Documents/OpenglProject/build/CMakeFiles/CMakeTmp'
Building CXX object CMakeFiles/cmTC_e0ef0.dir/src.cxx.o
/usr/bin/g++ -DCOMPILER_SUPPORT_Wextra  -pedantic -Wall -Werror   -Wextra -std=c++14 -o CMakeFiles/cmTC_e0ef0.dir/src.cxx.o -c /home/akhaten/Documents/OpenglProject/build/CMakeFiles/CMakeTmp/src.cxx
Linking CXX executable cmTC_e0ef0
/usr/bin/cmake -E cmake_link_script CMakeFiles/cmTC_e0ef0.dir/link.txt --verbose=1
/usr/bin/g++  -pedantic -Wall -Werror CMakeFiles/cmTC_e0ef0.dir/src.cxx.o -o cmTC_e0ef0 
make[1]: Leaving directory '/home/akhaten/Documents/OpenglProject/build/CMakeFiles/CMakeTmp'


Source file was:
int main() { return 0; }
Performing C++ SOURCE FILE Test COMPILER_SUPPORT_Wundef succeeded with the following output:
Change Dir: /home/akhaten/Documents/OpenglProject/build/CMakeFiles/CMakeTmp

Run Build Command(s):/usr/bin/make -f Makefile cmTC_d3e4d/fast && /usr/bin/make  -f CMakeFiles/cmTC_d3e4d.dir/build.make CMakeFiles/cmTC_d3e4d.dir/build
make[1]: Entering directory '/home/akhaten/Documents/OpenglProject/build/CMakeFiles/CMakeTmp'
Building CXX object CMakeFiles/cmTC_d3e4d.dir/src.cxx.o
/usr/bin/g++ -DCOMPILER_SUPPORT_Wundef  -pedantic -Wall -Wextra -Werror   -Wundef -std=c++14 -o CMakeFiles/cmTC_d3e4d.dir/src.cxx.o -c /home/akhaten/Documents/OpenglProject/build/CMakeFiles/CMakeTmp/src.cxx
Linking CXX executable cmTC_d3e4d
/usr/bin/cmake -E cmake_link_script CMakeFiles/cmTC_d3e4d.dir/link.txt --verbose=1
/usr/bin/g++  -pedantic -Wall -Wextra -Werror CMakeFiles/cmTC_d3e4d.dir/src.cxx.o -o cmTC_d3e4d 
make[1]: Leaving directory '/home/akhaten/Documents/OpenglProject/build/CMakeFiles/CMakeTmp'


Source file was:
int main() { return 0; }
Performing C++ SOURCE FILE Test COMPILER_SUPPORT_Wcastalign succeeded with the following output:
Change Dir: /home/akhaten/Documents/OpenglProject/build/CMakeFiles/CMakeTmp

Run Build Command(s):/usr/bin/make -f Makefile cmTC_f7f09/fast && /usr/bin/make  -f CMakeFiles/cmTC_f7f09.dir/build.make CMakeFiles/cmTC_f7f09.dir/build
make[1]: Entering directory '/home/akhaten/Documents/OpenglProject/build/CMakeFiles/CMakeTmp'
Building CXX object CMakeFiles/cmTC_f7f09.dir/src.cxx.o
/usr/bin/g++ -DCOMPILER_SUPPORT_Wcastalign  -pedantic -Wall -Wextra -Wundef -Werror   -Wcast-align -std=c++14 -o CMakeFiles/cmTC_f7f09.dir/src.cxx.o -c /home/akhaten/Documents/OpenglProject/build/CMakeFiles/CMakeTmp/src.cxx
Linking CXX executable cmTC_f7f09
/usr/bin/cmake -E cmake_link_script CMakeFiles/cmTC_f7f09.dir/link.txt --verbose=1
/usr/bin/g++  -pedantic -Wall -Wextra -Wundef -Werror CMakeFiles/cmTC_f7f09.dir/src.cxx.o -o cmTC_f7f09 
make[1]: Leaving directory '/home/akhaten/Documents/OpenglProject/build/CMakeFiles/CMakeTmp'


Source file was:
int main() { return 0; }
Performing C++ SOURCE FILE Test COMPILER_SUPPORT_Wcharsubscripts succeeded with the following output:
Change Dir: /home/akhaten/Documents/OpenglProject/build/CMakeFiles/CMakeTmp

Run Build Command(s):/usr/bin/make -f Makefile cmTC_a9fc3/fast && /usr/bin/make  -f CMakeFiles/cmTC_a9fc3.dir/build.make CMakeFiles/cmTC_a9fc3.dir/build
make[1]: Entering directory '/home/akhaten/Documents/OpenglProject/build/CMakeFiles/CMakeTmp'
Building CXX object CMakeFiles/cmTC_a9fc3.dir/src.cxx.o
/usr/bin/g++ -DCOMPILER_SUPPORT_Wcharsubscripts  -pedantic -Wall -Wextra -Wundef -Wcast-align -Werror   -Wchar-subscripts -std=c++14 -o CMakeFiles/cmTC_a9fc3.dir/src.cxx.o -c /home/akhaten/Documents/OpenglProject/build/CMakeFiles/CMakeTmp/src.cxx
Linking CXX executable cmTC_a9fc3
/usr/bin/cmake -E cmake_link_script CMakeFiles/cmTC_a9fc3.dir/link.txt --verbose=1
/usr/bin/g++  -pedantic -Wall -Wextra -Wundef -Wcast-align -Werror CMakeFiles/cmTC_a9fc3.dir/src.cxx.o -o cmTC_a9fc3 
make[1]: Leaving directory '/home/akhaten/Documents/OpenglProject/build/CMakeFiles/CMakeTmp'


Source file was:
int main() { return 0; }
Performing C++ SOURCE FILE Test COMPILER_SUPPORT_Wnonvirtualdtor succeeded with the following output:
Change Dir: /home/akhaten/Documents/OpenglProject/build/CMakeFiles/CMakeTmp

Run Build Command(s):/usr/bin/make -f Makefile cmTC_62f18/fast && /usr/bin/make  -f CMakeFiles/cmTC_62f18.dir/build.make CMakeFiles/cmTC_62f18.dir/build
make[1]: Entering directory '/home/akhaten/Documents/OpenglProject/build/CMakeFiles/CMakeTmp'
Building CXX object CMakeFiles/cmTC_62f18.dir/src.cxx.o
/usr/bin/g++ -DCOMPILER_SUPPORT_Wnonvirtualdtor  -pedantic -Wall -Wextra -Wundef -Wcast-align -Wchar-subscripts -Werror   -Wnon-virtual-dtor -std=c++14 -o CMakeFiles/cmTC_62f18.dir/src.cxx.o -c /home/akhaten/Documents/OpenglProject/build/CMakeFiles/CMakeTmp/src.cxx
Linking CXX executable cmTC_62f18
/usr/bin/cmake -E cmake_link_script CMakeFiles/cmTC_62f18.dir/link.txt --verbose=1
/usr/bin/g++  -pedantic -Wall -Wextra -Wundef -Wcast-align -Wchar-subscripts -Werror CMakeFiles/cmTC_62f18.dir/src.cxx.o -o cmTC_62f18 
make[1]: Leaving directory '/home/akhaten/Documents/OpenglProject/build/CMakeFiles/CMakeTmp'


Source file was:
int main() { return 0; }
Performing C++ SOURCE FILE Test COMPILER_SUPPORT_Wunusedlocaltypedefs succeeded with the following output:
Change Dir: /home/akhaten/Documents/OpenglProject/build/CMakeFiles/CMakeTmp

Run Build Command(s):/usr/bin/make -f Makefile cmTC_31bb9/fast && /usr/bin/make  -f CMakeFiles/cmTC_31bb9.dir/build.make CMakeFiles/cmTC_31bb9.dir/build
make[1]: Entering directory '/home/akhaten/Documents/OpenglProject/build/CMakeFiles/CMakeTmp'
Building CXX object CMakeFiles/cmTC_31bb9.dir/src.cxx.o
/usr/bin/g++ -DCOMPILER_SUPPORT_Wunusedlocaltypedefs  -pedantic -Wall -Wextra -Wundef -Wcast-align -Wchar-subscripts -Wnon-virtual-dtor -Werror   -Wunused-local-typedefs -std=c++14 -o CMakeFiles/cmTC_31bb9.dir/src.cxx.o -c /home/akhaten/Documents/OpenglProject/build/CMakeFiles/CMakeTmp/src.cxx
Linking CXX executable cmTC_31bb9
/usr/bin/cmake -E cmake_link_script CMakeFiles/cmTC_31bb9.dir/link.txt --verbose=1
/usr/bin/g++  -pedantic -Wall -Wextra -Wundef -Wcast-align -Wchar-subscripts -Wnon-virtual-dtor -Werror CMakeFiles/cmTC_31bb9.dir/src.cxx.o -o cmTC_31bb9 
make[1]: Leaving directory '/home/akhaten/Documents/OpenglProject/build/CMakeFiles/CMakeTmp'


Source file was:
int main() { return 0; }
Performing C++ SOURCE FILE Test COMPILER_SUPPORT_Wpointerarith succeeded with the following output:
Change Dir: /home/akhaten/Documents/OpenglProject/build/CMakeFiles/CMakeTmp

Run Build Command(s):/usr/bin/make -f Makefile cmTC_9dd9c/fast && /usr/bin/make  -f CMakeFiles/cmTC_9dd9c.dir/build.make CMakeFiles/cmTC_9dd9c.dir/build
make[1]: Entering directory '/home/akhaten/Documents/OpenglProject/build/CMakeFiles/CMakeTmp'
Building CXX object CMakeFiles/cmTC_9dd9c.dir/src.cxx.o
/usr/bin/g++ -DCOMPILER_SUPPORT_Wpointerarith  -pedantic -Wall -Wextra -Wundef -Wcast-align -Wchar-subscripts -Wnon-virtual-dtor -Wunused-local-typedefs -Werror   -Wpointer-arith -std=c++14 -o CMakeFiles/cmTC_9dd9c.dir/src.cxx.o -c /home/akhaten/Documents/OpenglProject/build/CMakeFiles/CMakeTmp/src.cxx
Linking CXX executable cmTC_9dd9c
/usr/bin/cmake -E cmake_link_script CMakeFiles/cmTC_9dd9c.dir/link.txt --verbose=1
/usr/bin/g++  -pedantic -Wall -Wextra -Wundef -Wcast-align -Wchar-subscripts -Wnon-virtual-dtor -Wunused-local-typedefs -Werror CMakeFiles/cmTC_9dd9c.dir/src.cxx.o -o cmTC_9dd9c 
make[1]: Leaving directory '/home/akhaten/Documents/OpenglProject/build/CMakeFiles/CMakeTmp'


Source file was:
int main() { return 0; }
Performing C++ SOURCE FILE Test COMPILER_SUPPORT_Wwritestrings succeeded with the following output:
Change Dir: /home/akhaten/Documents/OpenglProject/build/CMakeFiles/CMakeTmp

Run Build Command(s):/usr/bin/make -f Makefile cmTC_dcbe4/fast && /usr/bin/make  -f CMakeFiles/cmTC_dcbe4.dir/build.make CMakeFiles/cmTC_dcbe4.dir/build
make[1]: Entering directory '/home/akhaten/Documents/OpenglProject/build/CMakeFiles/CMakeTmp'
Building CXX object CMakeFiles/cmTC_dcbe4.dir/src.cxx.o
/usr/bin/g++ -DCOMPILER_SUPPORT_Wwritestrings  -pedantic -Wall -Wextra -Wundef -Wcast-align -Wchar-subscripts -Wnon-virtual-dtor -Wunused-local-typedefs -Wpointer-arith -Werror   -Wwrite-strings -std=c++14 -o CMakeFiles/cmTC_dcbe4.dir/src.cxx.o -c /home/akhaten/Documents/OpenglProject/build/CMakeFiles/CMakeTmp/src.cxx
Linking CXX executable cmTC_dcbe4
/usr/bin/cmake -E cmake_link_script CMakeFiles/cmTC_dcbe4.dir/link.txt --verbose=1
/usr/bin/g++  -pedantic -Wall -Wextra -Wundef -Wcast-align -Wchar-subscripts -Wnon-virtual-dtor -Wunused-local-typedefs -Wpointer-arith -Werror CMakeFiles/cmTC_dcbe4.dir/src.cxx.o -o cmTC_dcbe4 
make[1]: Leaving directory '/home/akhaten/Documents/OpenglProject/build/CMakeFiles/CMakeTmp'


Source file was:
int main() { return 0; }
Performing C++ SOURCE FILE Test COMPILER_SUPPORT_Wformatsecurity succeeded with the following output:
Change Dir: /home/akhaten/Documents/OpenglProject/build/CMakeFiles/CMakeTmp

Run Build Command(s):/usr/bin/make -f Makefile cmTC_15c5e/fast && /usr/bin/make  -f CMakeFiles/cmTC_15c5e.dir/build.make CMakeFiles/cmTC_15c5e.dir/build
make[1]: Entering directory '/home/akhaten/Documents/OpenglProject/build/CMakeFiles/CMakeTmp'
Building CXX object CMakeFiles/cmTC_15c5e.dir/src.cxx.o
/usr/bin/g++ -DCOMPILER_SUPPORT_Wformatsecurity  -pedantic -Wall -Wextra -Wundef -Wcast-align -Wchar-subscripts -Wnon-virtual-dtor -Wunused-local-typedefs -Wpointer-arith -Wwrite-strings -Werror   -Wformat-security -std=c++14 -o CMakeFiles/cmTC_15c5e.dir/src.cxx.o -c /home/akhaten/Documents/OpenglProject/build/CMakeFiles/CMakeTmp/src.cxx
Linking CXX executable cmTC_15c5e
/usr/bin/cmake -E cmake_link_script CMakeFiles/cmTC_15c5e.dir/link.txt --verbose=1
/usr/bin/g++  -pedantic -Wall -Wextra -Wundef -Wcast-align -Wchar-subscripts -Wnon-virtual-dtor -Wunused-local-typedefs -Wpointer-arith -Wwrite-strings -Werror CMakeFiles/cmTC_15c5e.dir/src.cxx.o -o cmTC_15c5e 
make[1]: Leaving directory '/home/akhaten/Documents/OpenglProject/build/CMakeFiles/CMakeTmp'


Source file was:
int main() { return 0; }
Performing C++ SOURCE FILE Test COMPILER_SUPPORT_Wlogicalop succeeded with the following output:
Change Dir: /home/akhaten/Documents/OpenglProject/build/CMakeFiles/CMakeTmp

Run Build Command(s):/usr/bin/make -f Makefile cmTC_a30b0/fast && /usr/bin/make  -f CMakeFiles/cmTC_a30b0.dir/build.make CMakeFiles/cmTC_a30b0.dir/build
make[1]: Entering directory '/home/akhaten/Documents/OpenglProject/build/CMakeFiles/CMakeTmp'
Building CXX object CMakeFiles/cmTC_a30b0.dir/src.cxx.o
/usr/bin/g++ -DCOMPILER_SUPPORT_Wlogicalop  -pedantic -Wall -Wextra -Wundef -Wcast-align -Wchar-subscripts -Wnon-virtual-dtor -Wunused-local-typedefs -Wpointer-arith -Wwrite-strings -Wformat-security -Werror   -Wlogical-op -std=c++14 -o CMakeFiles/cmTC_a30b0.dir/src.cxx.o -c /home/akhaten/Documents/OpenglProject/build/CMakeFiles/CMakeTmp/src.cxx
Linking CXX executable cmTC_a30b0
/usr/bin/cmake -E cmake_link_script CMakeFiles/cmTC_a30b0.dir/link.txt --verbose=1
/usr/bin/g++  -pedantic -Wall -Wextra -Wundef -Wcast-align -Wchar-subscripts -Wnon-virtual-dtor -Wunused-local-typedefs -Wpointer-arith -Wwrite-strings -Wformat-security -Werror CMakeFiles/cmTC_a30b0.dir/src.cxx.o -o cmTC_a30b0 
make[1]: Leaving directory '/home/akhaten/Documents/OpenglProject/build/CMakeFiles/CMakeTmp'


Source file was:
int main() { return 0; }
Performing C++ SOURCE FILE Test COMPILER_SUPPORT_Wenumconversion succeeded with the following output:
Change Dir: /home/akhaten/Documents/OpenglProject/build/CMakeFiles/CMakeTmp

Run Build Command(s):/usr/bin/make -f Makefile cmTC_61880/fast && /usr/bin/make  -f CMakeFiles/cmTC_61880.dir/build.make CMakeFiles/cmTC_61880.dir/build
make[1]: Entering directory '/home/akhaten/Documents/OpenglProject/build/CMakeFiles/CMakeTmp'
Building CXX object CMakeFiles/cmTC_61880.dir/src.cxx.o
/usr/bin/g++ -DCOMPILER_SUPPORT_Wenumconversion  -pedantic -Wall -Wextra -Wundef -Wcast-align -Wchar-subscripts -Wnon-virtual-dtor -Wunused-local-typedefs -Wpointer-arith -Wwrite-strings -Wformat-security -Wlogical-op -Werror   -Wenum-conversion -std=c++14 -o CMakeFiles/cmTC_61880.dir/src.cxx.o -c /home/akhaten/Documents/OpenglProject/build/CMakeFiles/CMakeTmp/src.cxx
Linking CXX executable cmTC_61880
/usr/bin/cmake -E cmake_link_script CMakeFiles/cmTC_61880.dir/link.txt --verbose=1
/usr/bin/g++  -pedantic -Wall -Wextra -Wundef -Wcast-align -Wchar-subscripts -Wnon-virtual-dtor -Wunused-local-typedefs -Wpointer-arith -Wwrite-strings -Wformat-security -Wlogical-op -Werror CMakeFiles/cmTC_61880.dir/src.cxx.o -o cmTC_61880 
make[1]: Leaving directory '/home/akhaten/Documents/OpenglProject/build/CMakeFiles/CMakeTmp'


Source file was:
int main() { return 0; }
Performing C++ SOURCE FILE Test COMPILER_SUPPORT_Wcpp11extensions succeeded with the following output:
Change Dir: /home/akhaten/Documents/OpenglProject/build/CMakeFiles/CMakeTmp

Run Build Command(s):/usr/bin/make -f Makefile cmTC_5775a/fast && /usr/bin/make  -f CMakeFiles/cmTC_5775a.dir/build.make CMakeFiles/cmTC_5775a.dir/build
make[1]: Entering directory '/home/akhaten/Documents/OpenglProject/build/CMakeFiles/CMakeTmp'
Building CXX object CMakeFiles/cmTC_5775a.dir/src.cxx.o
/usr/bin/g++ -DCOMPILER_SUPPORT_Wcpp11extensions  -pedantic -Wall -Wextra -Wundef -Wcast-align -Wchar-subscripts -Wnon-virtual-dtor -Wunused-local-typedefs -Wpointer-arith -Wwrite-strings -Wformat-security -Wlogical-op -Wenum-conversion -Werror   -Wc++11-extensions -std=c++14 -o CMakeFiles/cmTC_5775a.dir/src.cxx.o -c /home/akhaten/Documents/OpenglProject/build/CMakeFiles/CMakeTmp/src.cxx
Linking CXX executable cmTC_5775a
/usr/bin/cmake -E cmake_link_script CMakeFiles/cmTC_5775a.dir/link.txt --verbose=1
/usr/bin/g++  -pedantic -Wall -Wextra -Wundef -Wcast-align -Wchar-subscripts -Wnon-virtual-dtor -Wunused-local-typedefs -Wpointer-arith -Wwrite-strings -Wformat-security -Wlogical-op -Wenum-conversion -Werror CMakeFiles/cmTC_5775a.dir/src.cxx.o -o cmTC_5775a 
make[1]: Leaving directory '/home/akhaten/Documents/OpenglProject/build/CMakeFiles/CMakeTmp'


Source file was:
int main() { return 0; }
Performing C++ SOURCE FILE Test COMPILER_SUPPORT_Wdoublepromotion succeeded with the following output:
Change Dir: /home/akhaten/Documents/OpenglProject/build/CMakeFiles/CMakeTmp

Run Build Command(s):/usr/bin/make -f Makefile cmTC_5b234/fast && /usr/bin/make  -f CMakeFiles/cmTC_5b234.dir/build.make CMakeFiles/cmTC_5b234.dir/build
make[1]: Entering directory '/home/akhaten/Documents/OpenglProject/build/CMakeFiles/CMakeTmp'
Building CXX object CMakeFiles/cmTC_5b234.dir/src.cxx.o
/usr/bin/g++ -DCOMPILER_SUPPORT_Wdoublepromotion  -pedantic -Wall -Wextra -Wundef -Wcast-align -Wchar-subscripts -Wnon-virtual-dtor -Wunused-local-typedefs -Wpointer-arith -Wwrite-strings -Wformat-security -Wlogical-op -Wenum-conversion -Wc++11-extensions -Werror   -Wdouble-promotion -std=c++14 -o CMakeFiles/cmTC_5b234.dir/src.cxx.o -c /home/akhaten/Documents/OpenglProject/build/CMakeFiles/CMakeTmp/src.cxx
Linking CXX executable cmTC_5b234
/usr/bin/cmake -E cmake_link_script CMakeFiles/cmTC_5b234.dir/link.txt --verbose=1
/usr/bin/g++  -pedantic -Wall -Wextra -Wundef -Wcast-align -Wchar-subscripts -Wnon-virtual-dtor -Wunused-local-typedefs -Wpointer-arith -Wwrite-strings -Wformat-security -Wlogical-op -Wenum-conversion -Wc++11-extensions -Werror CMakeFiles/cmTC_5b234.dir/src.cxx.o -o cmTC_5b234 
make[1]: Leaving directory '/home/akhaten/Documents/OpenglProject/build/CMakeFiles/CMakeTmp'


Source file was:
int main() { return 0; }
Performing C++ SOURCE FILE Test COMPILER_SUPPORT_Wshadow succeeded with the following output:
Change Dir: /home/akhaten/Documents/OpenglProject/build/CMakeFiles/CMakeTmp

Run Build Command(s):/usr/bin/make -f Makefile cmTC_a039a/fast && /usr/bin/make  -f CMakeFiles/cmTC_a039a.dir/build.make CMakeFiles/cmTC_a039a.dir/build
make[1]: Entering directory '/home/akhaten/Documents/OpenglProject/build/CMakeFiles/CMakeTmp'
Building CXX object CMakeFiles/cmTC_a039a.dir/src.cxx.o
/usr/bin/g++ -DCOMPILER_SUPPORT_Wshadow  -pedantic -Wall -Wextra -Wundef -Wcast-align -Wchar-subscripts -Wnon-virtual-dtor -Wunused-local-typedefs -Wpointer-arith -Wwrite-strings -Wformat-security -Wlogical-op -Wenum-conversion -Wc++11-extensions -Wdouble-promotion -Werror   -Wshadow -std=c++14 -o CMakeFiles/cmTC_a039a.dir/src.cxx.o -c /home/akhaten/Documents/OpenglProject/build/CMakeFiles/CMakeTmp/src.cxx
Linking CXX executable cmTC_a039a
/usr/bin/cmake -E cmake_link_script CMakeFiles/cmTC_a039a.dir/link.txt --verbose=1
/usr/bin/g++  -pedantic -Wall -Wextra -Wundef -Wcast-align -Wchar-subscripts -Wnon-virtual-dtor -Wunused-local-typedefs -Wpointer-arith -Wwrite-strings -Wformat-security -Wlogical-op -Wenum-conversion -Wc++11-extensions -Wdouble-promotion -Werror CMakeFiles/cmTC_a039a.dir/src.cxx.o -o cmTC_a039a 
make[1]: Leaving directory '/home/akhaten/Documents/OpenglProject/build/CMakeFiles/CMakeTmp'


Source file was:
int main() { return 0; }
Performing C++ SOURCE FILE Test COMPILER_SUPPORT_Wnopsabi succeeded with the following output:
Change Dir: /home/akhaten/Documents/OpenglProject/build/CMakeFiles/CMakeTmp

Run Build Command(s):/usr/bin/make -f Makefile cmTC_e46a6/fast && /usr/bin/make  -f CMakeFiles/cmTC_e46a6.dir/build.make CMakeFiles/cmTC_e46a6.dir/build
make[1]: Entering directory '/home/akhaten/Documents/OpenglProject/build/CMakeFiles/CMakeTmp'
Building CXX object CMakeFiles/cmTC_e46a6.dir/src.cxx.o
/usr/bin/g++ -DCOMPILER_SUPPORT_Wnopsabi  -pedantic -Wall -Wextra -Wundef -Wcast-align -Wchar-subscripts -Wnon-virtual-dtor -Wunused-local-typedefs -Wpointer-arith -Wwrite-strings -Wformat-security -Wlogical-op -Wenum-conversion -Wc++11-extensions -Wdouble-promotion -Wshadow -Werror   -Wno-psabi -std=c++14 -o CMakeFiles/cmTC_e46a6.dir/src.cxx.o -c /home/akhaten/Documents/OpenglProject/build/CMakeFiles/CMakeTmp/src.cxx
Linking CXX executable cmTC_e46a6
/usr/bin/cmake -E cmake_link_script CMakeFiles/cmTC_e46a6.dir/link.txt --verbose=1
/usr/bin/g++  -pedantic -Wall -Wextra -Wundef -Wcast-align -Wchar-subscripts -Wnon-virtual-dtor -Wunused-local-typedefs -Wpointer-arith -Wwrite-strings -Wformat-security -Wlogical-op -Wenum-conversion -Wc++11-extensions -Wdouble-promotion -Wshadow -Werror CMakeFiles/cmTC_e46a6.dir/src.cxx.o -o cmTC_e46a6 
make[1]: Leaving directory '/home/akhaten/Documents/OpenglProject/build/CMakeFiles/CMakeTmp'


Source file was:
int main() { return 0; }
Performing C++ SOURCE FILE Test COMPILER_SUPPORT_Wnovariadicmacros succeeded with the following output:
Change Dir: /home/akhaten/Documents/OpenglProject/build/CMakeFiles/CMakeTmp

Run Build Command(s):/usr/bin/make -f Makefile cmTC_4f588/fast && /usr/bin/make  -f CMakeFiles/cmTC_4f588.dir/build.make CMakeFiles/cmTC_4f588.dir/build
make[1]: Entering directory '/home/akhaten/Documents/OpenglProject/build/CMakeFiles/CMakeTmp'
Building CXX object CMakeFiles/cmTC_4f588.dir/src.cxx.o
/usr/bin/g++ -DCOMPILER_SUPPORT_Wnovariadicmacros  -pedantic -Wall -Wextra -Wundef -Wcast-align -Wchar-subscripts -Wnon-virtual-dtor -Wunused-local-typedefs -Wpointer-arith -Wwrite-strings -Wformat-security -Wlogical-op -Wenum-conversion -Wc++11-extensions -Wdouble-promotion -Wshadow -Wno-psabi -Werror   -Wno-variadic-macros -std=c++14 -o CMakeFiles/cmTC_4f588.dir/src.cxx.o -c /home/akhaten/Documents/OpenglProject/build/CMakeFiles/CMakeTmp/src.cxx
Linking CXX executable cmTC_4f588
/usr/bin/cmake -E cmake_link_script CMakeFiles/cmTC_4f588.dir/link.txt --verbose=1
/usr/bin/g++  -pedantic -Wall -Wextra -Wundef -Wcast-align -Wchar-subscripts -Wnon-virtual-dtor -Wunused-local-typedefs -Wpointer-arith -Wwrite-strings -Wformat-security -Wlogical-op -Wenum-conversion -Wc++11-extensions -Wdouble-promotion -Wshadow -Wno-psabi -Werror CMakeFiles/cmTC_4f588.dir/src.cxx.o -o cmTC_4f588 
make[1]: Leaving directory '/home/akhaten/Documents/OpenglProject/build/CMakeFiles/CMakeTmp'


Source file was:
int main() { return 0; }
Performing C++ SOURCE FILE Test COMPILER_SUPPORT_Wnolonglong succeeded with the following output:
Change Dir: /home/akhaten/Documents/OpenglProject/build/CMakeFiles/CMakeTmp

Run Build Command(s):/usr/bin/make -f Makefile cmTC_37caa/fast && /usr/bin/make  -f CMakeFiles/cmTC_37caa.dir/build.make CMakeFiles/cmTC_37caa.dir/build
make[1]: Entering directory '/home/akhaten/Documents/OpenglProject/build/CMakeFiles/CMakeTmp'
Building CXX object CMakeFiles/cmTC_37caa.dir/src.cxx.o
/usr/bin/g++ -DCOMPILER_SUPPORT_Wnolonglong  -pedantic -Wall -Wextra -Wundef -Wcast-align -Wchar-subscripts -Wnon-virtual-dtor -Wunused-local-typedefs -Wpointer-arith -Wwrite-strings -Wformat-security -Wlogical-op -Wenum-conversion -Wc++11-extensions -Wdouble-promotion -Wshadow -Wno-psabi -Wno-variadic-macros -Werror   -Wno-long-long -std=c++14 -o CMakeFiles/cmTC_37caa.dir/src.cxx.o -c /home/akhaten/Documents/OpenglProject/build/CMakeFiles/CMakeTmp/src.cxx
Linking CXX executable cmTC_37caa
/usr/bin/cmake -E cmake_link_script CMakeFiles/cmTC_37caa.dir/link.txt --verbose=1
/usr/bin/g++  -pedantic -Wall -Wextra -Wundef -Wcast-align -Wchar-subscripts -Wnon-virtual-dtor -Wunused-local-typedefs -Wpointer-arith -Wwrite-strings -Wformat-security -Wlogical-op -Wenum-conversion -Wc++11-extensions -Wdouble-promotion -Wshadow -Wno-psabi -Wno-variadic-macros -Werror CMakeFiles/cmTC_37caa.dir/src.cxx.o -o cmTC_37caa 
make[1]: Leaving directory '/home/akhaten/Documents/OpenglProject/build/CMakeFiles/CMakeTmp'


Source file was:
int main() { return 0; }
Performing C++ SOURCE FILE Test COMPILER_SUPPORT_fnochecknew succeeded with the following output:
Change Dir: /home/akhaten/Documents/OpenglProject/build/CMakeFiles/CMakeTmp

Run Build Command(s):/usr/bin/make -f Makefile cmTC_9a2e8/fast && /usr/bin/make  -f CMakeFiles/cmTC_9a2e8.dir/build.make CMakeFiles/cmTC_9a2e8.dir/build
make[1]: Entering directory '/home/akhaten/Documents/OpenglProject/build/CMakeFiles/CMakeTmp'
Building CXX object CMakeFiles/cmTC_9a2e8.dir/src.cxx.o
/usr/bin/g++ -DCOMPILER_SUPPORT_fnochecknew  -pedantic -Wall -Wextra -Wundef -Wcast-align -Wchar-subscripts -Wnon-virtual-dtor -Wunused-local-typedefs -Wpointer-arith -Wwrite-strings -Wformat-security -Wlogical-op -Wenum-conversion -Wc++11-extensions -Wdouble-promotion -Wshadow -Wno-psabi -Wno-variadic-macros -Wno-long-long -Werror   -fno-check-new -std=c++14 -o CMakeFiles/cmTC_9a2e8.dir/src.cxx.o -c /home/akhaten/Documents/OpenglProject/build/CMakeFiles/CMakeTmp/src.cxx
Linking CXX executable cmTC_9a2e8
/usr/bin/cmake -E cmake_link_script CMakeFiles/cmTC_9a2e8.dir/link.txt --verbose=1
/usr/bin/g++  -pedantic -Wall -Wextra -Wundef -Wcast-align -Wchar-subscripts -Wnon-virtual-dtor -Wunused-local-typedefs -Wpointer-arith -Wwrite-strings -Wformat-security -Wlogical-op -Wenum-conversion -Wc++11-extensions -Wdouble-promotion -Wshadow -Wno-psabi -Wno-variadic-macros -Wno-long-long -Werror CMakeFiles/cmTC_9a2e8.dir/src.cxx.o -o cmTC_9a2e8 
make[1]: Leaving directory '/home/akhaten/Documents/OpenglProject/build/CMakeFiles/CMakeTmp'


Source file was:
int main() { return 0; }
Performing C++ SOURCE FILE Test COMPILER_SUPPORT_fnocommon succeeded with the following output:
Change Dir: /home/akhaten/Documents/OpenglProject/build/CMakeFiles/CMakeTmp

Run Build Command(s):/usr/bin/make -f Makefile cmTC_990ec/fast && /usr/bin/make  -f CMakeFiles/cmTC_990ec.dir/build.make CMakeFiles/cmTC_990ec.dir/build
make[1]: Entering directory '/home/akhaten/Documents/OpenglProject/build/CMakeFiles/CMakeTmp'
Building CXX object CMakeFiles/cmTC_990ec.dir/src.cxx.o
/usr/bin/g++ -DCOMPILER_SUPPORT_fnocommon  -pedantic -Wall -Wextra -Wundef -Wcast-align -Wchar-subscripts -Wnon-virtual-dtor -Wunused-local-typedefs -Wpointer-arith -Wwrite-strings -Wformat-security -Wlogical-op -Wenum-conversion -Wc++11-extensions -Wdouble-promotion -Wshadow -Wno-psabi -Wno-variadic-macros -Wno-long-long -fno-check-new -Werror   -fno-common -std=c++14 -o CMakeFiles/cmTC_990ec.dir/src.cxx.o -c /home/akhaten/Documents/OpenglProject/build/CMakeFiles/CMakeTmp/src.cxx
Linking CXX executable cmTC_990ec
/usr/bin/cmake -E cmake_link_script CMakeFiles/cmTC_990ec.dir/link.txt --verbose=1
/usr/bin/g++  -pedantic -Wall -Wextra -Wundef -Wcast-align -Wchar-subscripts -Wnon-virtual-dtor -Wunused-local-typedefs -Wpointer-arith -Wwrite-strings -Wformat-security -Wlogical-op -Wenum-conversion -Wc++11-extensions -Wdouble-promotion -Wshadow -Wno-psabi -Wno-variadic-macros -Wno-long-long -fno-check-new -Werror CMakeFiles/cmTC_990ec.dir/src.cxx.o -o cmTC_990ec 
make[1]: Leaving directory '/home/akhaten/Documents/OpenglProject/build/CMakeFiles/CMakeTmp'


Source file was:
int main() { return 0; }
Performing C++ SOURCE FILE Test COMPILER_SUPPORT_fstrictaliasing succeeded with the following output:
Change Dir: /home/akhaten/Documents/OpenglProject/build/CMakeFiles/CMakeTmp

Run Build Command(s):/usr/bin/make -f Makefile cmTC_df264/fast && /usr/bin/make  -f CMakeFiles/cmTC_df264.dir/build.make CMakeFiles/cmTC_df264.dir/build
make[1]: Entering directory '/home/akhaten/Documents/OpenglProject/build/CMakeFiles/CMakeTmp'
Building CXX object CMakeFiles/cmTC_df264.dir/src.cxx.o
/usr/bin/g++ -DCOMPILER_SUPPORT_fstrictaliasing  -pedantic -Wall -Wextra -Wundef -Wcast-align -Wchar-subscripts -Wnon-virtual-dtor -Wunused-local-typedefs -Wpointer-arith -Wwrite-strings -Wformat-security -Wlogical-op -Wenum-conversion -Wc++11-extensions -Wdouble-promotion -Wshadow -Wno-psabi -Wno-variadic-macros -Wno-long-long -fno-check-new -fno-common -Werror   -fstrict-aliasing -std=c++14 -o CMakeFiles/cmTC_df264.dir/src.cxx.o -c /home/akhaten/Documents/OpenglProject/build/CMakeFiles/CMakeTmp/src.cxx
Linking CXX executable cmTC_df264
/usr/bin/cmake -E cmake_link_script CMakeFiles/cmTC_df264.dir/link.txt --verbose=1
/usr/bin/g++  -pedantic -Wall -Wextra -Wundef -Wcast-align -Wchar-subscripts -Wnon-virtual-dtor -Wunused-local-typedefs -Wpointer-arith -Wwrite-strings -Wformat-security -Wlogical-op -Wenum-conversion -Wc++11-extensions -Wdouble-promotion -Wshadow -Wno-psabi -Wno-variadic-macros -Wno-long-long -fno-check-new -fno-common -Werror CMakeFiles/cmTC_df264.dir/src.cxx.o -o cmTC_df264 
make[1]: Leaving directory '/home/akhaten/Documents/OpenglProject/build/CMakeFiles/CMakeTmp'


Source file was:
int main() { return 0; }
Performing C++ SOURCE FILE Test COMPILER_SUPPORT_OPENMP succeeded with the following output:
Change Dir: /home/akhaten/Documents/OpenglProject/build/CMakeFiles/CMakeTmp

Run Build Command(s):/usr/bin/make -f Makefile cmTC_eb2ce/fast && /usr/bin/make  -f CMakeFiles/cmTC_eb2ce.dir/build.make CMakeFiles/cmTC_eb2ce.dir/build
make[1]: Entering directory '/home/akhaten/Documents/OpenglProject/build/CMakeFiles/CMakeTmp'
Building CXX object CMakeFiles/cmTC_eb2ce.dir/src.cxx.o
/usr/bin/g++ -DCOMPILER_SUPPORT_OPENMP  -pedantic -Wall -Wextra -Wundef -Wcast-align -Wchar-subscripts -Wnon-virtual-dtor -Wunused-local-typedefs -Wpointer-arith -Wwrite-strings -Wformat-security -Wlogical-op -Wenum-conversion -Wc++11-extensions -Wdouble-promotion -Wshadow -Wno-psabi -Wno-variadic-macros -Wno-long-long -fno-check-new -fno-common -fstrict-aliasing    -fopenmp -std=c++14 -o CMakeFiles/cmTC_eb2ce.dir/src.cxx.o -c /home/akhaten/Documents/OpenglProject/build/CMakeFiles/CMakeTmp/src.cxx
Linking CXX executable cmTC_eb2ce
/usr/bin/cmake -E cmake_link_script CMakeFiles/cmTC_eb2ce.dir/link.txt --verbose=1
/usr/bin/g++  -pedantic -Wall -Wextra -Wundef -Wcast-align -Wchar-subscripts -Wnon-virtual-dtor -Wunused-local-typedefs -Wpointer-arith -Wwrite-strings -Wformat-security -Wlogical-op -Wenum-conversion -Wc++11-extensions -Wdouble-promotion -Wshadow -Wno-psabi -Wno-variadic-macros -Wno-long-long -fno-check-new -fno-common -fstrict-aliasing  CMakeFiles/cmTC_eb2ce.dir/src.cxx.o -o cmTC_eb2ce 
make[1]: Leaving directory '/home/akhaten/Documents/OpenglProject/build/CMakeFiles/CMakeTmp'


Source file was:
int main() { return 0; }
